#
# A fatal error has been detected by the Java Runtime Environment:
#
#  Internal Error (upcallLinker.cpp:146), pid=4240, tid=4368
#  Error: ShouldNotReachHere()
#
# JRE version: OpenJDK Runtime Environment (22.0.1+8) (build 22.0.1+8-16)
# Java VM: OpenJDK 64-Bit Server VM (22.0.1+8-16, mixed mode, sharing, tiered, compressed oops, compressed class ptrs, g1 gc, windows-amd64)
# No core dump will be written. Minidumps are not enabled by default on client versions of Windows
#
# If you would like to submit a bug report, please visit:
#   https://bugreport.java.com/bugreport/crash.jsp
#

---------------  S U M M A R Y ------------

Command Line: --enable-preview -javaagent:C:\Program Files\JetBrains\IntelliJ IDEA Community Edition 2024.1.1\lib\idea_rt.jar=64718:C:\Program Files\JetBrains\IntelliJ IDEA Community Edition 2024.1.1\bin -Dfile.encoding=UTF-8 -Dsun.stdout.encoding=UTF-8 -Dsun.stderr.encoding=UTF-8 org.example.Main

Host: 11th Gen Intel(R) Core(TM) i7-1165G7 @ 2.80GHz, 8 cores, 15G,  Windows 11 , 64 bit Build 22621 (10.0.22621.3958)
Time: Mon Oct  7 20:07:35 2024  Windows 11 , 64 bit Build 22621 (10.0.22621.3958) elapsed time: 15.121149 seconds (0d 0h 0m 15s)

---------------  T H R E A D  ---------------

Current thread (0x0000019fea34c5b0):  JavaThread "AWT-EventQueue-0"        [_thread_in_Java, id=4368, stack(0x000000144ed00000,0x000000144ee00000) (1024K)]

Stack: [0x000000144ed00000,0x000000144ee00000]
Native frames: (J=compiled Java code, j=interpreted, Vv=VM code, C=native code)
V  [jvm.dll+0x6e2279]  (no source info available)
V  [jvm.dll+0x874e33]  (no source info available)
V  [jvm.dll+0x87725e]  (no source info available)
V  [jvm.dll+0x8778e7]  (no source info available)
V  [jvm.dll+0x27fcf7]  (no source info available)
V  [jvm.dll+0x27fd1c]  (no source info available)
V  [jvm.dll+0x27fc70]  (no source info available)
V  [jvm.dll+0x84482f]  (no source info available)
C  0x0000019fd9147353  (no source info available)

The last pc belongs to upcall stub exception handler (printed below).
StubRoutines::upcall stub exception handler [0x0000019fd9147339, 0x0000019fd914736e] (53 bytes)
[MachCode]
  0x0000019fd9147339: c5f8 7748 | 8bc8 4883 | e4f0 4883 | ec20 48b8 | f047 44fd | fb7f 0000 | ffd0 48b9 | d018 5cfd 
  0x0000019fd9147359: fb7f 0000 | 4883 e4f0 | 48b8 c094 | 23fd fb7f | 0000 ffd0 | 
[/MachCode]

---------------  P R O C E S S  ---------------

Threads class SMR info:
_java_thread_list=0x0000019fc6dcd3b0, length=20, elements={
0x0000019fe82ad050, 0x0000019fe82adf70, 0x0000019fe82b5a10, 0x0000019fe82b8480,
0x0000019fe82b92f0, 0x0000019fe82b9d50, 0x0000019fe82c9010, 0x0000019fc5130090,
0x0000019fe827b9f0, 0x0000019fc533b060, 0x0000019fc533b6d0, 0x0000019fc547e120,
0x0000019fc54826e0, 0x0000019fc5486ec0, 0x0000019fe8f02b30, 0x0000019fea386f30,
0x0000019fea34c5b0, 0x0000019fea34b890, 0x0000019fea34bf20, 0x0000019fc6a4fc70
}

Java Threads: ( => current thread )
  0x0000019fe82ad050 JavaThread "Reference Handler"          daemon [_thread_blocked, id=11508, stack(0x000000144d900000,0x000000144da00000) (1024K)]
  0x0000019fe82adf70 JavaThread "Finalizer"                  daemon [_thread_blocked, id=22340, stack(0x000000144da00000,0x000000144db00000) (1024K)]
  0x0000019fe82b5a10 JavaThread "Signal Dispatcher"          daemon [_thread_blocked, id=8224, stack(0x000000144db00000,0x000000144dc00000) (1024K)]
  0x0000019fe82b8480 JavaThread "Attach Listener"            daemon [_thread_blocked, id=6472, stack(0x000000144dc00000,0x000000144dd00000) (1024K)]
  0x0000019fe82b92f0 JavaThread "Service Thread"             daemon [_thread_blocked, id=16120, stack(0x000000144dd00000,0x000000144de00000) (1024K)]
  0x0000019fe82b9d50 JavaThread "Monitor Deflation Thread"   daemon [_thread_blocked, id=11448, stack(0x000000144de00000,0x000000144df00000) (1024K)]
  0x0000019fe82c9010 JavaThread "C2 CompilerThread0"         daemon [_thread_blocked, id=12304, stack(0x000000144df00000,0x000000144e000000) (1024K)]
  0x0000019fc5130090 JavaThread "C1 CompilerThread0"         daemon [_thread_blocked, id=14136, stack(0x000000144e000000,0x000000144e100000) (1024K)]
  0x0000019fe827b9f0 JavaThread "Common-Cleaner"             daemon [_thread_blocked, id=5276, stack(0x000000144e100000,0x000000144e200000) (1024K)]
  0x0000019fc533b060 JavaThread "Monitor Ctrl-Break"         daemon [_thread_in_native, id=13428, stack(0x000000144e200000,0x000000144e300000) (1024K)]
  0x0000019fc533b6d0 JavaThread "Notification Thread"        daemon [_thread_blocked, id=8824, stack(0x000000144e300000,0x000000144e400000) (1024K)]
  0x0000019fc547e120 JavaThread "Java2D Disposer"            daemon [_thread_blocked, id=12232, stack(0x000000144e400000,0x000000144e500000) (1024K)]
  0x0000019fc54826e0 JavaThread "AWT-Shutdown"                      [_thread_blocked, id=18876, stack(0x000000144e500000,0x000000144e600000) (1024K)]
  0x0000019fc5486ec0 JavaThread "AWT-Windows"                daemon [_thread_in_native, id=24836, stack(0x000000144e600000,0x000000144e700000) (1024K)]
  0x0000019fe8f02b30 JavaThread "Thread-0"                          [_thread_blocked, id=7732, stack(0x000000144eb00000,0x000000144ec00000) (1024K)]
  0x0000019fea386f30 JavaThread "Thread-1"                          [_thread_blocked, id=21060, stack(0x000000144ec00000,0x000000144ed00000) (1024K)]
=>0x0000019fea34c5b0 JavaThread "AWT-EventQueue-0"                  [_thread_in_Java, id=4368, stack(0x000000144ed00000,0x000000144ee00000) (1024K)]
  0x0000019fea34b890 JavaThread "DestroyJavaVM"                     [_thread_blocked, id=4268, stack(0x000000144d100000,0x000000144d200000) (1024K)]
  0x0000019fea34bf20 JavaThread "TimerQueue"                 daemon [_thread_blocked, id=19980, stack(0x000000144f100000,0x000000144f200000) (1024K)]
  0x0000019fc6a4fc70 JavaThread "Image Fetcher 0"            daemon [_thread_blocked, id=8488, stack(0x000000144e700000,0x000000144e800000) (1024K)]
Total: 20

Other Threads:
  0x0000019fe8294050 VMThread "VM Thread"                           [id=3360, stack(0x000000144d800000,0x000000144d900000) (1024K)]
  0x0000019fe827ab20 WatcherThread "VM Periodic Task Thread"        [id=1868, stack(0x000000144d700000,0x000000144d800000) (1024K)]
  0x0000019fc9901d90 WorkerThread "GC Thread#0"                     [id=592, stack(0x000000144d200000,0x000000144d300000) (1024K)]
  0x0000019fe9092730 WorkerThread "GC Thread#1"                     [id=7900, stack(0x000000144e900000,0x000000144ea00000) (1024K)]
  0x0000019fe9094100 WorkerThread "GC Thread#2"                     [id=21116, stack(0x000000144ea00000,0x000000144eb00000) (1024K)]
  0x0000019fe9092ae0 WorkerThread "GC Thread#3"                     [id=6864, stack(0x000000144f200000,0x000000144f300000) (1024K)]
  0x0000019fe9092e90 WorkerThread "GC Thread#4"                     [id=26528, stack(0x000000144f300000,0x000000144f400000) (1024K)]
  0x0000019fe9093240 WorkerThread "GC Thread#5"                     [id=18836, stack(0x000000144f400000,0x000000144f500000) (1024K)]
  0x0000019fe90935f0 WorkerThread "GC Thread#6"                     [id=19880, stack(0x000000144f500000,0x000000144f600000) (1024K)]
  0x0000019fe90939a0 WorkerThread "GC Thread#7"                     [id=25720, stack(0x000000144f600000,0x000000144f700000) (1024K)]
  0x0000019fc9912980 ConcurrentGCThread "G1 Main Marker"            [id=15744, stack(0x000000144d300000,0x000000144d400000) (1024K)]
  0x0000019fc9913b40 WorkerThread "G1 Conc#0"                       [id=25988, stack(0x000000144d400000,0x000000144d500000) (1024K)]
  0x0000019fc995e410 ConcurrentGCThread "G1 Refine#0"               [id=23664, stack(0x000000144d500000,0x000000144d600000) (1024K)]
  0x0000019fe8147ff0 ConcurrentGCThread "G1 Service"                [id=27152, stack(0x000000144d600000,0x000000144d700000) (1024K)]
Total: 14

Threads with active compile tasks:
Total: 0

VM state: not at safepoint (normal execution)

VM Mutex/Monitor currently owned by a thread: None

OutOfMemory and StackOverflow Exception counts:
StackOverflowErrors=1
LinkageErrors=127

Heap address: 0x0000000704c00000, size: 4020 MB, Compressed Oops mode: Zero based, Oop shift amount: 3

CDS archive(s) mapped at: [0x0000019f80000000-0x0000019f80c50000-0x0000019f80c50000), size 12910592, SharedBaseAddress: 0x0000019f80000000, ArchiveRelocationMode: 1.
Compressed class space mapped at: 0x0000019f81000000-0x0000019fc1000000, reserved size: 1073741824
Narrow klass base: 0x0000019f80000000, Narrow klass shift: 0, Narrow klass range: 0x41000000

GC Precious Log:
 CardTable entry size: 512
 Card Set container configuration: InlinePtr #cards 4 size 8 Array Of Cards #cards 16 size 48 Howl #buckets 8 coarsen threshold 3686 Howl Bitmap #cards 512 size 80 coarsen threshold 460 Card regions per heap region 1 cards per card region 4096
 CPUs: 8 total, 8 available
 Memory: 16078M
 Large Page Support: Disabled
 NUMA Support: Disabled
 Compressed Oops: Enabled (Zero based)
 Heap Region Size: 2M
 Heap Min Capacity: 8M
 Heap Initial Capacity: 252M
 Heap Max Capacity: 4020M
 Pre-touch: Disabled
 Parallel Workers: 8
 Concurrent Workers: 2
 Concurrent Refinement Workers: 8
 Periodic GC: Disabled

Heap:
 garbage-first heap   total reserved 4116480K, committed 258048K, used 32449K [0x0000000704c00000, 0x0000000800000000)
  region size 2048K, 9 young (18432K), 2 survivors (4096K)
 Metaspace       used 16287K, committed 16896K, reserved 1114112K
  class space    used 1866K, committed 2112K, reserved 1048576K

Heap Regions: E=young(eden), S=young(survivor), O=old, HS=humongous(starts), HC=humongous(continues), CS=collection set, F=free, TAMS=top-at-mark-start, PB=parsable bottom
|   0|0x0000000704c00000, 0x0000000704e00000, 0x0000000704e00000|100%|HS|  |TAMS 0x0000000704c00000| PB 0x0000000704c00000| Complete |  0
|   1|0x0000000704e00000, 0x0000000705000000, 0x0000000705000000|100%|HS|  |TAMS 0x0000000704e00000| PB 0x0000000704e00000| Complete |  0
|   2|0x0000000705000000, 0x0000000705200000, 0x0000000705200000|100%|HC|  |TAMS 0x0000000705000000| PB 0x0000000705000000| Complete |  0
|   3|0x0000000705200000, 0x0000000705400000, 0x0000000705400000|100%|HC|  |TAMS 0x0000000705200000| PB 0x0000000705200000| Complete |  0
|   4|0x0000000705400000, 0x0000000705600000, 0x0000000705600000|100%| O|  |TAMS 0x0000000705400000| PB 0x0000000705400000| Untracked |  0
|   5|0x0000000705600000, 0x0000000705800000, 0x0000000705800000|100%| O|  |TAMS 0x0000000705600000| PB 0x0000000705600000| Untracked |  0
|   6|0x0000000705800000, 0x0000000705a00000, 0x0000000705a00000|100%| O|  |TAMS 0x0000000705800000| PB 0x0000000705800000| Untracked |  0
|   7|0x0000000705a00000, 0x0000000705c00000, 0x0000000705c00000|100%| O|  |TAMS 0x0000000705a00000| PB 0x0000000705a00000| Untracked |  0
|   8|0x0000000705c00000, 0x0000000705d776f0, 0x0000000705e00000| 73%| O|  |TAMS 0x0000000705c00000| PB 0x0000000705c00000| Untracked |  0
|   9|0x0000000705e00000, 0x0000000705e00000, 0x0000000706000000|  0%| F|  |TAMS 0x0000000705e00000| PB 0x0000000705e00000| Untracked |  0
|  10|0x0000000706000000, 0x0000000706000000, 0x0000000706200000|  0%| F|  |TAMS 0x0000000706000000| PB 0x0000000706000000| Untracked |  0
|  11|0x0000000706200000, 0x0000000706200000, 0x0000000706400000|  0%| F|  |TAMS 0x0000000706200000| PB 0x0000000706200000| Untracked |  0
|  12|0x0000000706400000, 0x0000000706400000, 0x0000000706600000|  0%| F|  |TAMS 0x0000000706400000| PB 0x0000000706400000| Untracked |  0
|  13|0x0000000706600000, 0x0000000706600000, 0x0000000706800000|  0%| F|  |TAMS 0x0000000706600000| PB 0x0000000706600000| Untracked |  0
|  14|0x0000000706800000, 0x0000000706800000, 0x0000000706a00000|  0%| F|  |TAMS 0x0000000706800000| PB 0x0000000706800000| Untracked |  0
|  15|0x0000000706a00000, 0x0000000706a00000, 0x0000000706c00000|  0%| F|  |TAMS 0x0000000706a00000| PB 0x0000000706a00000| Untracked |  0
|  16|0x0000000706c00000, 0x0000000706c00000, 0x0000000706e00000|  0%| F|  |TAMS 0x0000000706c00000| PB 0x0000000706c00000| Untracked |  0
|  17|0x0000000706e00000, 0x0000000706e00000, 0x0000000707000000|  0%| F|  |TAMS 0x0000000706e00000| PB 0x0000000706e00000| Untracked |  0
|  18|0x0000000707000000, 0x0000000707000000, 0x0000000707200000|  0%| F|  |TAMS 0x0000000707000000| PB 0x0000000707000000| Untracked |  0
|  19|0x0000000707200000, 0x0000000707200000, 0x0000000707400000|  0%| F|  |TAMS 0x0000000707200000| PB 0x0000000707200000| Untracked |  0
|  20|0x0000000707400000, 0x0000000707400000, 0x0000000707600000|  0%| F|  |TAMS 0x0000000707400000| PB 0x0000000707400000| Untracked |  0
|  21|0x0000000707600000, 0x0000000707600000, 0x0000000707800000|  0%| F|  |TAMS 0x0000000707600000| PB 0x0000000707600000| Untracked |  0
|  22|0x0000000707800000, 0x0000000707800000, 0x0000000707a00000|  0%| F|  |TAMS 0x0000000707800000| PB 0x0000000707800000| Untracked |  0
|  23|0x0000000707a00000, 0x0000000707a00000, 0x0000000707c00000|  0%| F|  |TAMS 0x0000000707a00000| PB 0x0000000707a00000| Untracked |  0
|  24|0x0000000707c00000, 0x0000000707c00000, 0x0000000707e00000|  0%| F|  |TAMS 0x0000000707c00000| PB 0x0000000707c00000| Untracked |  0
|  25|0x0000000707e00000, 0x0000000707e00000, 0x0000000708000000|  0%| F|  |TAMS 0x0000000707e00000| PB 0x0000000707e00000| Untracked |  0
|  26|0x0000000708000000, 0x0000000708000000, 0x0000000708200000|  0%| F|  |TAMS 0x0000000708000000| PB 0x0000000708000000| Untracked |  0
|  27|0x0000000708200000, 0x0000000708200000, 0x0000000708400000|  0%| F|  |TAMS 0x0000000708200000| PB 0x0000000708200000| Untracked |  0
|  28|0x0000000708400000, 0x0000000708400000, 0x0000000708600000|  0%| F|  |TAMS 0x0000000708400000| PB 0x0000000708400000| Untracked |  0
|  29|0x0000000708600000, 0x0000000708600000, 0x0000000708800000|  0%| F|  |TAMS 0x0000000708600000| PB 0x0000000708600000| Untracked |  0
|  30|0x0000000708800000, 0x0000000708800000, 0x0000000708a00000|  0%| F|  |TAMS 0x0000000708800000| PB 0x0000000708800000| Untracked |  0
|  31|0x0000000708a00000, 0x0000000708a00000, 0x0000000708c00000|  0%| F|  |TAMS 0x0000000708a00000| PB 0x0000000708a00000| Untracked |  0
|  32|0x0000000708c00000, 0x0000000708c00000, 0x0000000708e00000|  0%| F|  |TAMS 0x0000000708c00000| PB 0x0000000708c00000| Untracked |  0
|  33|0x0000000708e00000, 0x0000000708e00000, 0x0000000709000000|  0%| F|  |TAMS 0x0000000708e00000| PB 0x0000000708e00000| Untracked |  0
|  34|0x0000000709000000, 0x0000000709000000, 0x0000000709200000|  0%| F|  |TAMS 0x0000000709000000| PB 0x0000000709000000| Untracked |  0
|  35|0x0000000709200000, 0x0000000709200000, 0x0000000709400000|  0%| F|  |TAMS 0x0000000709200000| PB 0x0000000709200000| Untracked |  0
|  36|0x0000000709400000, 0x0000000709400000, 0x0000000709600000|  0%| F|  |TAMS 0x0000000709400000| PB 0x0000000709400000| Untracked |  0
|  37|0x0000000709600000, 0x0000000709600000, 0x0000000709800000|  0%| F|  |TAMS 0x0000000709600000| PB 0x0000000709600000| Untracked |  0
|  38|0x0000000709800000, 0x0000000709800000, 0x0000000709a00000|  0%| F|  |TAMS 0x0000000709800000| PB 0x0000000709800000| Untracked |  0
|  39|0x0000000709a00000, 0x0000000709a00000, 0x0000000709c00000|  0%| F|  |TAMS 0x0000000709a00000| PB 0x0000000709a00000| Untracked |  0
|  40|0x0000000709c00000, 0x0000000709c00000, 0x0000000709e00000|  0%| F|  |TAMS 0x0000000709c00000| PB 0x0000000709c00000| Untracked |  0
|  41|0x0000000709e00000, 0x0000000709e00000, 0x000000070a000000|  0%| F|  |TAMS 0x0000000709e00000| PB 0x0000000709e00000| Untracked |  0
|  42|0x000000070a000000, 0x000000070a000000, 0x000000070a200000|  0%| F|  |TAMS 0x000000070a000000| PB 0x000000070a000000| Untracked |  0
|  43|0x000000070a200000, 0x000000070a200000, 0x000000070a400000|  0%| F|  |TAMS 0x000000070a200000| PB 0x000000070a200000| Untracked |  0
|  44|0x000000070a400000, 0x000000070a400000, 0x000000070a600000|  0%| F|  |TAMS 0x000000070a400000| PB 0x000000070a400000| Untracked |  0
|  45|0x000000070a600000, 0x000000070a600000, 0x000000070a800000|  0%| F|  |TAMS 0x000000070a600000| PB 0x000000070a600000| Untracked |  0
|  46|0x000000070a800000, 0x000000070a800000, 0x000000070aa00000|  0%| F|  |TAMS 0x000000070a800000| PB 0x000000070a800000| Untracked |  0
|  47|0x000000070aa00000, 0x000000070aa00000, 0x000000070ac00000|  0%| F|  |TAMS 0x000000070aa00000| PB 0x000000070aa00000| Untracked |  0
|  48|0x000000070ac00000, 0x000000070ac00000, 0x000000070ae00000|  0%| F|  |TAMS 0x000000070ac00000| PB 0x000000070ac00000| Untracked |  0
|  49|0x000000070ae00000, 0x000000070ae00000, 0x000000070b000000|  0%| F|  |TAMS 0x000000070ae00000| PB 0x000000070ae00000| Untracked |  0
|  50|0x000000070b000000, 0x000000070b000000, 0x000000070b200000|  0%| F|  |TAMS 0x000000070b000000| PB 0x000000070b000000| Untracked |  0
|  51|0x000000070b200000, 0x000000070b200000, 0x000000070b400000|  0%| F|  |TAMS 0x000000070b200000| PB 0x000000070b200000| Untracked |  0
|  52|0x000000070b400000, 0x000000070b400000, 0x000000070b600000|  0%| F|  |TAMS 0x000000070b400000| PB 0x000000070b400000| Untracked |  0
|  53|0x000000070b600000, 0x000000070b600000, 0x000000070b800000|  0%| F|  |TAMS 0x000000070b600000| PB 0x000000070b600000| Untracked |  0
|  54|0x000000070b800000, 0x000000070b800000, 0x000000070ba00000|  0%| F|  |TAMS 0x000000070b800000| PB 0x000000070b800000| Untracked |  0
|  55|0x000000070ba00000, 0x000000070ba00000, 0x000000070bc00000|  0%| F|  |TAMS 0x000000070ba00000| PB 0x000000070ba00000| Untracked |  0
|  56|0x000000070bc00000, 0x000000070bc00000, 0x000000070be00000|  0%| F|  |TAMS 0x000000070bc00000| PB 0x000000070bc00000| Untracked |  0
|  57|0x000000070be00000, 0x000000070be00000, 0x000000070c000000|  0%| F|  |TAMS 0x000000070be00000| PB 0x000000070be00000| Untracked |  0
|  58|0x000000070c000000, 0x000000070c000000, 0x000000070c200000|  0%| F|  |TAMS 0x000000070c000000| PB 0x000000070c000000| Untracked |  0
|  59|0x000000070c200000, 0x000000070c200000, 0x000000070c400000|  0%| F|  |TAMS 0x000000070c200000| PB 0x000000070c200000| Untracked |  0
|  60|0x000000070c400000, 0x000000070c400000, 0x000000070c600000|  0%| F|  |TAMS 0x000000070c400000| PB 0x000000070c400000| Untracked |  0
|  61|0x000000070c600000, 0x000000070c600000, 0x000000070c800000|  0%| F|  |TAMS 0x000000070c600000| PB 0x000000070c600000| Untracked |  0
|  62|0x000000070c800000, 0x000000070c800000, 0x000000070ca00000|  0%| F|  |TAMS 0x000000070c800000| PB 0x000000070c800000| Untracked |  0
|  63|0x000000070ca00000, 0x000000070ca00000, 0x000000070cc00000|  0%| F|  |TAMS 0x000000070ca00000| PB 0x000000070ca00000| Untracked |  0
|  64|0x000000070cc00000, 0x000000070cc00000, 0x000000070ce00000|  0%| F|  |TAMS 0x000000070cc00000| PB 0x000000070cc00000| Untracked |  0
|  65|0x000000070ce00000, 0x000000070ce00000, 0x000000070d000000|  0%| F|  |TAMS 0x000000070ce00000| PB 0x000000070ce00000| Untracked |  0
|  66|0x000000070d000000, 0x000000070d000000, 0x000000070d200000|  0%| F|  |TAMS 0x000000070d000000| PB 0x000000070d000000| Untracked |  0
|  67|0x000000070d200000, 0x000000070d200000, 0x000000070d400000|  0%| F|  |TAMS 0x000000070d200000| PB 0x000000070d200000| Untracked |  0
|  68|0x000000070d400000, 0x000000070d400000, 0x000000070d600000|  0%| F|  |TAMS 0x000000070d400000| PB 0x000000070d400000| Untracked |  0
|  69|0x000000070d600000, 0x000000070d600000, 0x000000070d800000|  0%| F|  |TAMS 0x000000070d600000| PB 0x000000070d600000| Untracked |  0
|  70|0x000000070d800000, 0x000000070d800000, 0x000000070da00000|  0%| F|  |TAMS 0x000000070d800000| PB 0x000000070d800000| Untracked |  0
|  71|0x000000070da00000, 0x000000070da00000, 0x000000070dc00000|  0%| F|  |TAMS 0x000000070da00000| PB 0x000000070da00000| Untracked |  0
|  72|0x000000070dc00000, 0x000000070dc00000, 0x000000070de00000|  0%| F|  |TAMS 0x000000070dc00000| PB 0x000000070dc00000| Untracked |  0
|  73|0x000000070de00000, 0x000000070de00000, 0x000000070e000000|  0%| F|  |TAMS 0x000000070de00000| PB 0x000000070de00000| Untracked |  0
|  74|0x000000070e000000, 0x000000070e000000, 0x000000070e200000|  0%| F|  |TAMS 0x000000070e000000| PB 0x000000070e000000| Untracked |  0
|  75|0x000000070e200000, 0x000000070e200000, 0x000000070e400000|  0%| F|  |TAMS 0x000000070e200000| PB 0x000000070e200000| Untracked |  0
|  76|0x000000070e400000, 0x000000070e400000, 0x000000070e600000|  0%| F|  |TAMS 0x000000070e400000| PB 0x000000070e400000| Untracked |  0
|  77|0x000000070e600000, 0x000000070e600000, 0x000000070e800000|  0%| F|  |TAMS 0x000000070e600000| PB 0x000000070e600000| Untracked |  0
|  78|0x000000070e800000, 0x000000070e800000, 0x000000070ea00000|  0%| F|  |TAMS 0x000000070e800000| PB 0x000000070e800000| Untracked |  0
|  79|0x000000070ea00000, 0x000000070ea00000, 0x000000070ec00000|  0%| F|  |TAMS 0x000000070ea00000| PB 0x000000070ea00000| Untracked |  0
|  80|0x000000070ec00000, 0x000000070ec00000, 0x000000070ee00000|  0%| F|  |TAMS 0x000000070ec00000| PB 0x000000070ec00000| Untracked |  0
|  81|0x000000070ee00000, 0x000000070ee00000, 0x000000070f000000|  0%| F|  |TAMS 0x000000070ee00000| PB 0x000000070ee00000| Untracked |  0
|  82|0x000000070f000000, 0x000000070f000000, 0x000000070f200000|  0%| F|  |TAMS 0x000000070f000000| PB 0x000000070f000000| Untracked |  0
|  83|0x000000070f200000, 0x000000070f200000, 0x000000070f400000|  0%| F|  |TAMS 0x000000070f200000| PB 0x000000070f200000| Untracked |  0
|  84|0x000000070f400000, 0x000000070f400000, 0x000000070f600000|  0%| F|  |TAMS 0x000000070f400000| PB 0x000000070f400000| Untracked |  0
|  85|0x000000070f600000, 0x000000070f600000, 0x000000070f800000|  0%| F|  |TAMS 0x000000070f600000| PB 0x000000070f600000| Untracked |  0
|  86|0x000000070f800000, 0x000000070f800000, 0x000000070fa00000|  0%| F|  |TAMS 0x000000070f800000| PB 0x000000070f800000| Untracked |  0
|  87|0x000000070fa00000, 0x000000070fa00000, 0x000000070fc00000|  0%| F|  |TAMS 0x000000070fa00000| PB 0x000000070fa00000| Untracked |  0
|  88|0x000000070fc00000, 0x000000070fc00000, 0x000000070fe00000|  0%| F|  |TAMS 0x000000070fc00000| PB 0x000000070fc00000| Untracked |  0
|  89|0x000000070fe00000, 0x000000070fe00000, 0x0000000710000000|  0%| F|  |TAMS 0x000000070fe00000| PB 0x000000070fe00000| Untracked |  0
|  90|0x0000000710000000, 0x0000000710000000, 0x0000000710200000|  0%| F|  |TAMS 0x0000000710000000| PB 0x0000000710000000| Untracked |  0
|  91|0x0000000710200000, 0x0000000710200000, 0x0000000710400000|  0%| F|  |TAMS 0x0000000710200000| PB 0x0000000710200000| Untracked |  0
|  92|0x0000000710400000, 0x0000000710400000, 0x0000000710600000|  0%| F|  |TAMS 0x0000000710400000| PB 0x0000000710400000| Untracked |  0
|  93|0x0000000710600000, 0x0000000710600000, 0x0000000710800000|  0%| F|  |TAMS 0x0000000710600000| PB 0x0000000710600000| Untracked |  0
|  94|0x0000000710800000, 0x0000000710800000, 0x0000000710a00000|  0%| F|  |TAMS 0x0000000710800000| PB 0x0000000710800000| Untracked |  0
|  95|0x0000000710a00000, 0x0000000710a00000, 0x0000000710c00000|  0%| F|  |TAMS 0x0000000710a00000| PB 0x0000000710a00000| Untracked |  0
|  96|0x0000000710c00000, 0x0000000710c00000, 0x0000000710e00000|  0%| F|  |TAMS 0x0000000710c00000| PB 0x0000000710c00000| Untracked |  0
|  97|0x0000000710e00000, 0x0000000710e00000, 0x0000000711000000|  0%| F|  |TAMS 0x0000000710e00000| PB 0x0000000710e00000| Untracked |  0
|  98|0x0000000711000000, 0x0000000711000000, 0x0000000711200000|  0%| F|  |TAMS 0x0000000711000000| PB 0x0000000711000000| Untracked |  0
|  99|0x0000000711200000, 0x0000000711200000, 0x0000000711400000|  0%| F|  |TAMS 0x0000000711200000| PB 0x0000000711200000| Untracked |  0
| 100|0x0000000711400000, 0x0000000711400000, 0x0000000711600000|  0%| F|  |TAMS 0x0000000711400000| PB 0x0000000711400000| Untracked |  0
| 101|0x0000000711600000, 0x0000000711600000, 0x0000000711800000|  0%| F|  |TAMS 0x0000000711600000| PB 0x0000000711600000| Untracked |  0
| 102|0x0000000711800000, 0x0000000711800000, 0x0000000711a00000|  0%| F|  |TAMS 0x0000000711800000| PB 0x0000000711800000| Untracked |  0
| 103|0x0000000711a00000, 0x0000000711a00000, 0x0000000711c00000|  0%| F|  |TAMS 0x0000000711a00000| PB 0x0000000711a00000| Untracked |  0
| 104|0x0000000711c00000, 0x0000000711c00000, 0x0000000711e00000|  0%| F|  |TAMS 0x0000000711c00000| PB 0x0000000711c00000| Untracked |  0
| 105|0x0000000711e00000, 0x0000000711e00000, 0x0000000712000000|  0%| F|  |TAMS 0x0000000711e00000| PB 0x0000000711e00000| Untracked |  0
| 106|0x0000000712000000, 0x0000000712000000, 0x0000000712200000|  0%| F|  |TAMS 0x0000000712000000| PB 0x0000000712000000| Untracked |  0
| 107|0x0000000712200000, 0x0000000712200000, 0x0000000712400000|  0%| F|  |TAMS 0x0000000712200000| PB 0x0000000712200000| Untracked |  0
| 108|0x0000000712400000, 0x0000000712400000, 0x0000000712600000|  0%| F|  |TAMS 0x0000000712400000| PB 0x0000000712400000| Untracked |  0
| 109|0x0000000712600000, 0x0000000712600000, 0x0000000712800000|  0%| F|  |TAMS 0x0000000712600000| PB 0x0000000712600000| Untracked |  0
| 110|0x0000000712800000, 0x0000000712800000, 0x0000000712a00000|  0%| F|  |TAMS 0x0000000712800000| PB 0x0000000712800000| Untracked |  0
| 111|0x0000000712a00000, 0x0000000712a38f60, 0x0000000712c00000| 11%| S|CS|TAMS 0x0000000712a00000| PB 0x0000000712a00000| Complete |  0
| 112|0x0000000712c00000, 0x0000000712c00000, 0x0000000712e00000|  0%| F|  |TAMS 0x0000000712c00000| PB 0x0000000712c00000| Untracked |  0
| 113|0x0000000712e00000, 0x0000000712e00000, 0x0000000713000000|  0%| F|  |TAMS 0x0000000712e00000| PB 0x0000000712e00000| Untracked |  0
| 114|0x0000000713000000, 0x0000000713200000, 0x0000000713200000|100%| S|CS|TAMS 0x0000000713000000| PB 0x0000000713000000| Complete |  0
| 115|0x0000000713200000, 0x0000000713200000, 0x0000000713400000|  0%| F|  |TAMS 0x0000000713200000| PB 0x0000000713200000| Untracked |  0
| 116|0x0000000713400000, 0x0000000713400000, 0x0000000713600000|  0%| F|  |TAMS 0x0000000713400000| PB 0x0000000713400000| Untracked |  0
| 117|0x0000000713600000, 0x0000000713600000, 0x0000000713800000|  0%| F|  |TAMS 0x0000000713600000| PB 0x0000000713600000| Untracked |  0
| 118|0x0000000713800000, 0x0000000713800000, 0x0000000713a00000|  0%| F|  |TAMS 0x0000000713800000| PB 0x0000000713800000| Untracked |  0
| 119|0x0000000713a00000, 0x0000000713a54b28, 0x0000000713c00000| 16%| E|  |TAMS 0x0000000713a00000| PB 0x0000000713a00000| Complete |  0
| 120|0x0000000713c00000, 0x0000000713e00000, 0x0000000713e00000|100%| E|CS|TAMS 0x0000000713c00000| PB 0x0000000713c00000| Complete |  0
| 121|0x0000000713e00000, 0x0000000714000000, 0x0000000714000000|100%| E|CS|TAMS 0x0000000713e00000| PB 0x0000000713e00000| Complete |  0
| 122|0x0000000714000000, 0x0000000714200000, 0x0000000714200000|100%| E|CS|TAMS 0x0000000714000000| PB 0x0000000714000000| Complete |  0
| 123|0x0000000714200000, 0x0000000714400000, 0x0000000714400000|100%| E|CS|TAMS 0x0000000714200000| PB 0x0000000714200000| Complete |  0
| 124|0x0000000714400000, 0x0000000714600000, 0x0000000714600000|100%| E|CS|TAMS 0x0000000714400000| PB 0x0000000714400000| Complete |  0
| 125|0x0000000714600000, 0x0000000714800000, 0x0000000714800000|100%| E|CS|TAMS 0x0000000714600000| PB 0x0000000714600000| Complete |  0

Card table byte_map: [0x0000019fe16f0000,0x0000019fe1ed0000] _byte_map_base: 0x0000019fddeca000

Marking Bits: (CMBitMap*) 0x0000019fc99023b0
 Bits: [0x0000019fe1ed0000, 0x0000019fe5da0000)

Polling page: 0x0000019fc7800000

Metaspace:

Usage:
  Non-class:     14.08 MB used.
      Class:      1.82 MB used.
       Both:     15.91 MB used.

Virtual space:
  Non-class space:       64.00 MB reserved,      14.44 MB ( 23%) committed,  1 nodes.
      Class space:        1.00 GB reserved,       2.06 MB ( <1%) committed,  1 nodes.
             Both:        1.06 GB reserved,      16.50 MB (  2%) committed. 

Chunk freelists:
   Non-Class:  1007.00 KB
       Class:  13.97 MB
        Both:  14.95 MB

MaxMetaspaceSize: unlimited
CompressedClassSpaceSize: 1.00 GB
Initial GC threshold: 21.00 MB
Current GC threshold: 21.00 MB
CDS: on
 - commit_granule_bytes: 65536.
 - commit_granule_words: 8192.
 - virtual_space_node_default_size: 8388608.
 - enlarge_chunks_in_place: 1.
 - use_allocation_guard: 0.


Internal statistics:

num_allocs_failed_limit: 0.
num_arena_births: 814.
num_arena_deaths: 0.
num_vsnodes_births: 2.
num_vsnodes_deaths: 0.
num_space_committed: 264.
num_space_uncommitted: 0.
num_chunks_returned_to_freelist: 0.
num_chunks_taken_from_freelist: 1081.
num_chunk_merges: 0.
num_chunk_splits: 635.
num_chunks_enlarged: 225.
num_inconsistent_stats: 0.

CodeHeap 'non-profiled nmethods': size=120000Kb used=1811Kb max_used=1811Kb free=118189Kb
 bounds [0x0000019fd96b0000, 0x0000019fd9920000, 0x0000019fe0be0000]
CodeHeap 'profiled nmethods': size=120000Kb used=7782Kb max_used=7782Kb free=112217Kb
 bounds [0x0000019fd1be0000, 0x0000019fd2380000, 0x0000019fd9110000]
CodeHeap 'non-nmethods': size=5760Kb used=1991Kb max_used=2054Kb free=3768Kb
 bounds [0x0000019fd9110000, 0x0000019fd9380000, 0x0000019fd96b0000]
 total_blobs=4889 nmethods=4102 adapters=679
 compilation: enabled
              stopped_count=0, restarted_count=0
 full_count=0

Compilation events (20 events):
Event: 14.937 Thread 0x0000019fe82c9010 nmethod 4092 0x0000019fd9870a10 code [0x0000019fd9870ba0, 0x0000019fd9870da0]
Event: 14.938 Thread 0x0000019fc5130090 4093       3       javax.swing.AbstractButton::setIconTextGap (38 bytes)
Event: 14.938 Thread 0x0000019fc5130090 nmethod 4093 0x0000019fd2377f90 code [0x0000019fd2378160, 0x0000019fd2378570]
Event: 14.957 Thread 0x0000019fe82c9010 4094       4       javax.swing.JComponent::setOpaque (29 bytes)
Event: 14.958 Thread 0x0000019fe82c9010 nmethod 4094 0x0000019fd9870f10 code [0x0000019fd98710a0, 0x0000019fd98711f0]
Event: 14.959 Thread 0x0000019fe82c9010 4095       4       java.util.StringTokenizer::scanToken (179 bytes)
Event: 14.965 Thread 0x0000019fe82c9010 nmethod 4095 0x0000019fd9871310 code [0x0000019fd98714c0, 0x0000019fd9871af8]
Event: 15.012 Thread 0x0000019fc5130090 4096       3       java.awt.Window::processWindowFocusEvent (61 bytes)
Event: 15.012 Thread 0x0000019fc5130090 nmethod 4096 0x0000019fd2378710 code [0x0000019fd23788e0, 0x0000019fd2378d08]
Event: 15.012 Thread 0x0000019fe82c9010 4097   !   4       java.lang.ref.ReferenceQueue::poll (40 bytes)
Event: 15.013 Thread 0x0000019fe82c9010 nmethod 4097 0x0000019fd9871d90 code [0x0000019fd9871f40, 0x0000019fd98720a8]
Event: 15.017 Thread 0x0000019fe82c9010 4098       4       java.lang.ref.WeakReference::<init> (6 bytes)
Event: 15.018 Thread 0x0000019fe82c9010 nmethod 4098 0x0000019fd9872210 code [0x0000019fd98723a0, 0x0000019fd9872610]
Event: 15.038 Thread 0x0000019fc5130090 4099       3       javax.swing.plaf.basic.BasicOptionPaneUI::configureMessageLabel (49 bytes)
Event: 15.038 Thread 0x0000019fc5130090 nmethod 4099 0x0000019fd2378e10 code [0x0000019fd2379040, 0x0000019fd23798a8]
Event: 15.041 Thread 0x0000019fe82c9010 4100       4       java.awt.Container::invalidateParent (18 bytes)
Event: 15.043 Thread 0x0000019fe82c9010 nmethod 4100 0x0000019fd9872690 code [0x0000019fd9872820, 0x0000019fd98728f0]
Event: 15.057 Thread 0x0000019fe82c9010 4101       4       java.lang.StringConcatHelper::newString (67 bytes)
Event: 15.058 Thread 0x0000019fe82c9010 nmethod 4101 0x0000019fd9872a10 code [0x0000019fd9872ba0, 0x0000019fd9872cb8]
Event: 15.114 Thread 0x0000019fe82c9010 4102       4       java.awt.Container::findComponentAtImpl (161 bytes)

GC Heap History (4 events):
Event: 5.384 GC heap before
{Heap before GC invocations=0 (full 0):
 garbage-first heap   total reserved 4116480K, committed 258048K, used 30720K [0x0000000704c00000, 0x0000000800000000)
  region size 2048K, 12 young (24576K), 0 survivors (0K)
 Metaspace       used 10677K, committed 10880K, reserved 1114112K
  class space    used 1242K, committed 1344K, reserved 1048576K
}
Event: 5.396 GC heap after
{Heap after GC invocations=1 (full 0):
 garbage-first heap   total reserved 4116480K, committed 258048K, used 18250K [0x0000000704c00000, 0x0000000800000000)
  region size 2048K, 2 young (4096K), 2 survivors (4096K)
 Metaspace       used 10677K, committed 10880K, reserved 1114112K
  class space    used 1242K, committed 1344K, reserved 1048576K
}
Event: 12.870 GC heap before
{Heap before GC invocations=1 (full 0):
 garbage-first heap   total reserved 4116480K, committed 258048K, used 38730K [0x0000000704c00000, 0x0000000800000000)
  region size 2048K, 13 young (26624K), 2 survivors (4096K)
 Metaspace       used 15959K, committed 16576K, reserved 1114112K
  class space    used 1865K, committed 2112K, reserved 1048576K
}
Event: 12.876 GC heap after
{Heap after GC invocations=2 (full 0):
 garbage-first heap   total reserved 4116480K, committed 258048K, used 20161K [0x0000000704c00000, 0x0000000800000000)
  region size 2048K, 2 young (4096K), 2 survivors (4096K)
 Metaspace       used 15959K, committed 16576K, reserved 1114112K
  class space    used 1865K, committed 2112K, reserved 1048576K
}

Dll operation events (15 events):
Event: 0.008 Loaded shared library C:\Users\USER\.jdks\openjdk-22.0.1\bin\java.dll
Event: 0.041 Loaded shared library C:\Users\USER\.jdks\openjdk-22.0.1\bin\jsvml.dll
Event: 0.080 Loaded shared library C:\Users\USER\.jdks\openjdk-22.0.1\bin\zip.dll
Event: 0.084 Loaded shared library C:\Users\USER\.jdks\openjdk-22.0.1\bin\instrument.dll
Event: 0.089 Loaded shared library C:\Users\USER\.jdks\openjdk-22.0.1\bin\net.dll
Event: 0.090 Loaded shared library C:\Users\USER\.jdks\openjdk-22.0.1\bin\nio.dll
Event: 0.095 Loaded shared library C:\Users\USER\.jdks\openjdk-22.0.1\bin\zip.dll
Event: 0.107 Loaded shared library C:\Program Files\JetBrains\IntelliJ IDEA Community Edition 2024.1.1\bin\breakgen64.dll
Event: 0.115 Loaded shared library C:\Users\USER\.jdks\openjdk-22.0.1\bin\extnet.dll
Event: 0.120 Loaded shared library C:\Users\USER\.jdks\openjdk-22.0.1\bin\jimage.dll
Event: 0.131 Loaded shared library C:\Users\USER\.jdks\openjdk-22.0.1\bin\awt.dll
Event: 0.273 Loaded shared library C:\Users\USER\.jdks\openjdk-22.0.1\bin\freetype.dll
Event: 0.273 Loaded shared library C:\Users\USER\.jdks\openjdk-22.0.1\bin\fontmanager.dll
Event: 11.559 Loaded shared library C:\Windows\System32\ucrtbase.dll
Event: 11.560 Loaded shared library C:\Users\USER\.jdks\openjdk-22.0.1\bin\syslookup.dll

Deoptimization events (20 events):
Event: 13.874 Thread 0x0000019fea34c5b0 Uncommon trap: trap_request=0xffffffde fr.pc=0x0000019fd9849d38 relative=0x0000000000000118
Event: 13.874 Thread 0x0000019fea34c5b0 Uncommon trap: reason=class_check action=maybe_recompile pc=0x0000019fd9849d38 method=jdk.internal.misc.Unsafe.allocateUninitializedArray(Ljava/lang/Class;I)Ljava/lang/Object; @ 51 c2
Event: 13.874 Thread 0x0000019fea34c5b0 DEOPT PACKING pc=0x0000019fd9849d38 sp=0x000000144ed62e70
Event: 13.874 Thread 0x0000019fea34c5b0 DEOPT UNPACKING pc=0x0000019fd9167da2 sp=0x000000144ed62de8 mode 2
Event: 13.874 Thread 0x0000019fea34c5b0 Uncommon trap: trap_request=0xffffffde fr.pc=0x0000019fd9849d38 relative=0x0000000000000118
Event: 13.874 Thread 0x0000019fea34c5b0 Uncommon trap: reason=class_check action=maybe_recompile pc=0x0000019fd9849d38 method=jdk.internal.misc.Unsafe.allocateUninitializedArray(Ljava/lang/Class;I)Ljava/lang/Object; @ 51 c2
Event: 13.874 Thread 0x0000019fea34c5b0 DEOPT PACKING pc=0x0000019fd9849d38 sp=0x000000144ed62e70
Event: 13.874 Thread 0x0000019fea34c5b0 DEOPT UNPACKING pc=0x0000019fd9167da2 sp=0x000000144ed62de8 mode 2
Event: 13.874 Thread 0x0000019fea34c5b0 Uncommon trap: trap_request=0xffffffde fr.pc=0x0000019fd9849d38 relative=0x0000000000000118
Event: 13.874 Thread 0x0000019fea34c5b0 Uncommon trap: reason=class_check action=maybe_recompile pc=0x0000019fd9849d38 method=jdk.internal.misc.Unsafe.allocateUninitializedArray(Ljava/lang/Class;I)Ljava/lang/Object; @ 51 c2
Event: 13.874 Thread 0x0000019fea34c5b0 DEOPT PACKING pc=0x0000019fd9849d38 sp=0x000000144ed62e70
Event: 13.874 Thread 0x0000019fea34c5b0 DEOPT UNPACKING pc=0x0000019fd9167da2 sp=0x000000144ed62de8 mode 2
Event: 13.874 Thread 0x0000019fea34c5b0 Uncommon trap: trap_request=0xffffffde fr.pc=0x0000019fd9849d38 relative=0x0000000000000118
Event: 13.874 Thread 0x0000019fea34c5b0 Uncommon trap: reason=class_check action=maybe_recompile pc=0x0000019fd9849d38 method=jdk.internal.misc.Unsafe.allocateUninitializedArray(Ljava/lang/Class;I)Ljava/lang/Object; @ 51 c2
Event: 13.874 Thread 0x0000019fea34c5b0 DEOPT PACKING pc=0x0000019fd9849d38 sp=0x000000144ed62e60
Event: 13.874 Thread 0x0000019fea34c5b0 DEOPT UNPACKING pc=0x0000019fd9167da2 sp=0x000000144ed62dd8 mode 2
Event: 14.157 Thread 0x0000019fea34c5b0 Uncommon trap: trap_request=0xffffffcc fr.pc=0x0000019fd9858d88 relative=0x0000000000000348
Event: 14.157 Thread 0x0000019fea34c5b0 Uncommon trap: reason=intrinsic_or_type_checked_inlining action=make_not_entrant pc=0x0000019fd9858d88 method=java.util.Arrays.copyOf([Ljava/lang/Object;ILjava/lang/Class;)[Ljava/lang/Object; @ 35 c2
Event: 14.157 Thread 0x0000019fea34c5b0 DEOPT PACKING pc=0x0000019fd9858d88 sp=0x000000144ed4f950
Event: 14.157 Thread 0x0000019fea34c5b0 DEOPT UNPACKING pc=0x0000019fd9167da2 sp=0x000000144ed4f8e0 mode 2

Classes loaded (20 events):
Event: 11.719 Loading class java/awt/ModalEventFilter$ApplicationModalEventFilter
Event: 11.719 Loading class java/awt/ModalEventFilter$ApplicationModalEventFilter done
Event: 11.719 Loading class sun/awt/ModalityEvent
Event: 11.719 Loading class sun/awt/ModalityEvent done
Event: 11.720 Loading class java/awt/WaitDispatchSupport
Event: 11.720 Loading class java/awt/SecondaryLoop
Event: 11.720 Loading class java/awt/SecondaryLoop done
Event: 11.721 Loading class java/awt/WaitDispatchSupport done
Event: 11.721 Loading class java/awt/WaitDispatchSupport$5
Event: 11.721 Loading class java/awt/WaitDispatchSupport$5 done
Event: 11.721 Loading class java/awt/WaitDispatchSupport$1
Event: 11.721 Loading class java/awt/WaitDispatchSupport$1 done
Event: 11.721 Loading class java/awt/WaitDispatchSupport$2
Event: 11.721 Loading class java/awt/WaitDispatchSupport$2 done
Event: 11.721 Loading class java/awt/WaitDispatchSupport$4
Event: 11.721 Loading class java/awt/WaitDispatchSupport$4 done
Event: 11.724 Loading class sun/font/StandardGlyphVector$GlyphStrike
Event: 11.724 Loading class sun/font/StandardGlyphVector$GlyphStrike done
Event: 14.766 Loading class java/security/DomainCombiner
Event: 14.766 Loading class java/security/DomainCombiner done

Classes unloaded (0 events):
No events

Classes redefined (0 events):
No events

Internal exceptions (20 events):
Event: 11.677 Thread 0x0000019fea34c5b0 Exception <a 'java/lang/NoSuchMethodError'{0x0000000713b082b8}: 'int java.lang.invoke.DirectMethodHandle$Holder.invokeSpecial(java.lang.Object, java.lang.Object, java.lang.Object, int, java.lang.Object)'> (0x0000000713b082b8) 
thrown [s\open\src\hotspot\share\interpreter\linkResolver.cpp, line 774]
Event: 11.677 Thread 0x0000019fea34c5b0 Exception <a 'java/lang/NoSuchMethodError'{0x0000000713b0bd10}: 'int java.lang.invoke.DelegatingMethodHandle$Holder.reinvoke_L(java.lang.Object, java.lang.Object, int, java.lang.Object)'> (0x0000000713b0bd10) 
thrown [s\open\src\hotspot\share\interpreter\linkResolver.cpp, line 774]
Event: 11.678 Thread 0x0000019fea34c5b0 Exception <a 'java/lang/NoSuchMethodError'{0x0000000713b24fa0}: 'int java.lang.invoke.DelegatingMethodHandle$Holder.reinvoke_L(java.lang.Object, java.lang.Object, int, long)'> (0x0000000713b24fa0) 
thrown [s\open\src\hotspot\share\interpreter\linkResolver.cpp, line 774]
Event: 11.679 Thread 0x0000019fea34c5b0 Exception <a 'java/lang/NoSuchMethodError'{0x0000000713b2bef0}: 'int java.lang.invoke.DirectMethodHandle$Holder.invokeSpecial(java.lang.Object, java.lang.Object, int, long)'> (0x0000000713b2bef0) 
thrown [s\open\src\hotspot\share\interpreter\linkResolver.cpp, line 774]
Event: 11.679 Thread 0x0000019fea34c5b0 Exception <a 'java/lang/NoSuchMethodError'{0x0000000713b2f778}: 'int java.lang.invoke.Invokers$Holder.exactInvoker(java.lang.Object, java.lang.Object, int, long)'> (0x0000000713b2f778) 
thrown [s\open\src\hotspot\share\interpreter\linkResolver.cpp, line 774]
Event: 11.679 Thread 0x0000019fea34c5b0 Exception <a 'java/lang/NoSuchMethodError'{0x0000000713b33598}: 'int java.lang.invoke.DelegatingMethodHandle$Holder.delegate(java.lang.Object, java.lang.Object, int, long)'> (0x0000000713b33598) 
thrown [s\open\src\hotspot\share\interpreter\linkResolver.cpp, line 774]
Event: 11.681 Thread 0x0000019fea34c5b0 Exception <a 'java/lang/NoSuchMethodError'{0x0000000713b53290}: 'void java.lang.invoke.DirectMethodHandle$Holder.invokeSpecial(java.lang.Object, java.lang.Object, float, java.lang.Object, java.lang.Object, java.lang.Object, int, int, int, int, int, float, float, int, int, java.lang.Object, java.lang.Object)'> (0x0000000713b53290) 
thrown [s\open\src\hotspot\share\interpreter\linkResolver.cpp, line 774]
Event: 11.682 Thread 0x0000019fea34c5b0 Exception <a 'java/lang/NoSuchMethodError'{0x0000000713b634e0}: 'int java.lang.invoke.DirectMethodHandle$Holder.invokeSpecial(java.lang.Object, java.lang.Object, int, java.lang.Object)'> (0x0000000713b634e0) 
thrown [s\open\src\hotspot\share\interpreter\linkResolver.cpp, line 774]
Event: 11.682 Thread 0x0000019fea34c5b0 Exception <a 'java/lang/NoSuchMethodError'{0x0000000713b66da8}: 'int java.lang.invoke.Invokers$Holder.invokeExact_MT(java.lang.Object, int, java.lang.Object, java.lang.Object)'> (0x0000000713b66da8) 
thrown [s\open\src\hotspot\share\interpreter\linkResolver.cpp, line 774]
Event: 11.682 Thread 0x0000019fea34c5b0 Exception <a 'java/lang/NoSuchMethodError'{0x0000000713b6ab78}: 'java.lang.Object java.lang.invoke.Invokers$Holder.invokeExact_MT(java.lang.Object, long, java.lang.Object)'> (0x0000000713b6ab78) 
thrown [s\open\src\hotspot\share\interpreter\linkResolver.cpp, line 774]
Event: 11.684 Thread 0x0000019fea34c5b0 Exception <a 'java/lang/NoSuchMethodError'{0x0000000713b7b9c0}: 'java.lang.Object java.lang.invoke.DelegatingMethodHandle$Holder.reinvoke_L(java.lang.Object, long, long, long)'> (0x0000000713b7b9c0) 
thrown [s\open\src\hotspot\share\interpreter\linkResolver.cpp, line 774]
Event: 11.685 Thread 0x0000019fea34c5b0 Exception <a 'java/lang/NoSuchMethodError'{0x0000000713b8ed50}: 'java.lang.Object java.lang.invoke.DirectMethodHandle$Holder.invokeStatic(java.lang.Object, java.lang.Object, java.lang.Object, java.lang.Object, long, long)'> (0x0000000713b8ed50) 
thrown [s\open\src\hotspot\share\interpreter\linkResolver.cpp, line 774]
Event: 11.687 Thread 0x0000019fea34c5b0 Exception <a 'java/lang/NoSuchMethodError'{0x0000000713bbe4a8}: 'void java.lang.invoke.DelegatingMethodHandle$Holder.reinvoke_L(java.lang.Object, java.lang.Object, java.lang.Object, long, long)'> (0x0000000713bbe4a8) 
thrown [s\open\src\hotspot\share\interpreter\linkResolver.cpp, line 774]
Event: 11.694 Thread 0x0000019fea34c5b0 Exception <a 'java/lang/NoSuchMethodError'{0x0000000713bfc890}: 'int java.lang.invoke.Invokers$Holder.invokeExact_MT(java.lang.Object, java.lang.Object, java.lang.Object, int, java.lang.Object, java.lang.Object)'> (0x0000000713bfc890) 
thrown [s\open\src\hotspot\share\interpreter\linkResolver.cpp, line 774]
Event: 11.698 Thread 0x0000019fea34c5b0 Exception <a 'java/lang/NoSuchMethodError'{0x0000000713810a68}: 'int java.lang.invoke.DelegatingMethodHandle$Holder.reinvoke_L(java.lang.Object, java.lang.Object, java.lang.Object, long)'> (0x0000000713810a68) 
thrown [s\open\src\hotspot\share\interpreter\linkResolver.cpp, line 774]
Event: 11.699 Thread 0x0000019fea34c5b0 Exception <a 'java/lang/NoSuchMethodError'{0x00000007138187f0}: 'void java.lang.invoke.DirectMethodHandle$Holder.invokeSpecial(java.lang.Object, java.lang.Object, java.lang.Object, long)'> (0x00000007138187f0) 
thrown [s\open\src\hotspot\share\interpreter\linkResolver.cpp, line 774]
Event: 11.700 Thread 0x0000019fea34c5b0 Exception <a 'java/lang/NoSuchMethodError'{0x0000000713836120}: 'java.lang.Object java.lang.invoke.DirectMethodHandle$Holder.invokeStatic(java.lang.Object, java.lang.Object, java.lang.Object, java.lang.Object, java.lang.Object, java.lang.Object, java.lang.Object, long)'> (0x0000000713836120) 
thrown [s\open\src\hotspot\share\interpreter\linkResolver.cpp, line 774]
Event: 11.720 Thread 0x0000019fea34c5b0 Exception <a 'java/lang/NoSuchMethodError'{0x0000000713850680}: 'int java.lang.invoke.DirectMethodHandle$Holder.invokeStatic(java.lang.Object)'> (0x0000000713850680) 
thrown [s\open\src\hotspot\share\interpreter\linkResolver.cpp, line 774]
Event: 15.116 Thread 0x0000019fea34c5b0 StackOverflowError at 0x0000019fd9832be0
Event: 15.120 Thread 0x0000019fea34c5b0 Exception <a 'java/lang/StackOverflowError'{0x0000000713a27a20}> (0x0000000713a27a20) 
thrown [s\open\src\hotspot\share\runtime\sharedRuntime.cpp, line 628]

ZGC Phase Switch (0 events):
No events

VM Operations (20 events):
Event: 11.540 Executing VM operation: HandshakeAllThreads (Deoptimize)
Event: 11.541 Executing VM operation: HandshakeAllThreads (Deoptimize) done
Event: 11.553 Executing VM operation: HandshakeAllThreads (Deoptimize)
Event: 11.554 Executing VM operation: HandshakeAllThreads (Deoptimize) done
Event: 11.555 Executing VM operation: HandshakeAllThreads (Deoptimize)
Event: 11.555 Executing VM operation: HandshakeAllThreads (Deoptimize) done
Event: 11.590 Executing VM operation: HandshakeAllThreads (Deoptimize)
Event: 11.590 Executing VM operation: HandshakeAllThreads (Deoptimize) done
Event: 11.670 Executing VM operation: HandshakeAllThreads (Deoptimize)
Event: 11.670 Executing VM operation: HandshakeAllThreads (Deoptimize) done
Event: 11.762 Executing VM operation: ICBufferFull
Event: 11.763 Executing VM operation: ICBufferFull done
Event: 12.160 Executing VM operation: ICBufferFull
Event: 12.160 Executing VM operation: ICBufferFull done
Event: 12.870 Executing VM operation: G1CollectForAllocation (G1 Evacuation Pause)
Event: 12.876 Executing VM operation: G1CollectForAllocation (G1 Evacuation Pause) done
Event: 13.891 Executing VM operation: Cleanup
Event: 13.891 Executing VM operation: Cleanup done
Event: 14.891 Executing VM operation: Cleanup
Event: 14.891 Executing VM operation: Cleanup done

Events (20 events):
Event: 0.188 Thread 0x0000019fc5486ec0 Thread added: 0x0000019fc5486ec0
Event: 0.323 Thread 0x0000019fc6a28bf0 Thread added: 0x0000019fc6a28bf0
Event: 0.357 Thread 0x0000019fc54af9b0 Thread added: 0x0000019fc54af9b0
Event: 0.389 Thread 0x0000019fc6a657a0 Thread added: 0x0000019fc6a657a0
Event: 0.587 Thread 0x0000019fe929c6d0 Thread added: 0x0000019fe929c6d0
Event: 0.621 Thread 0x0000019fe8f02b30 Thread added: 0x0000019fe8f02b30
Event: 0.654 Thread 0x0000019fea386f30 Thread added: 0x0000019fea386f30
Event: 0.664 Thread 0x0000019fea34c5b0 Thread added: 0x0000019fea34c5b0
Event: 0.729 Thread 0x0000019fc75f2900 Thread exited: 0x0000019fc75f2900
Event: 0.729 Thread 0x0000019fea34b890 Thread added: 0x0000019fea34b890
Event: 0.803 Thread 0x0000019fea34bf20 Thread added: 0x0000019fea34bf20
Event: 0.927 Thread 0x0000019fe929c6d0 Thread exited: 0x0000019fe929c6d0
Event: 0.997 Thread 0x0000019fc6a657a0 Thread exited: 0x0000019fc6a657a0
Event: 1.087 Thread 0x0000019fc6cf5910 Thread added: 0x0000019fc6cf5910
Event: 1.190 Thread 0x0000019fc6cf5910 Thread exited: 0x0000019fc6cf5910
Event: 5.629 Thread 0x0000019fc6a28bf0 Thread exited: 0x0000019fc6a28bf0
Event: 5.653 Thread 0x0000019fc54af9b0 Thread exited: 0x0000019fc54af9b0
Event: 11.518 Thread 0x0000019fc6a4fc70 Thread added: 0x0000019fc6a4fc70
Event: 11.536 Thread 0x0000019fea343ef0 Thread added: 0x0000019fea343ef0
Event: 12.576 Thread 0x0000019fea343ef0 Thread exited: 0x0000019fea343ef0


Dynamic libraries:
0x00007ff664150000 - 0x00007ff66415e000 	C:\Users\USER\.jdks\openjdk-22.0.1\bin\java.exe
0x00007ffc84df0000 - 0x00007ffc85007000 	C:\WINDOWS\SYSTEM32\ntdll.dll
0x00007ffc83550000 - 0x00007ffc83614000 	C:\WINDOWS\System32\KERNEL32.DLL
0x00007ffc825b0000 - 0x00007ffc8295d000 	C:\WINDOWS\System32\KERNELBASE.dll
0x00007ffc82960000 - 0x00007ffc82a71000 	C:\WINDOWS\System32\ucrtbase.dll
0x00007ffc79d70000 - 0x00007ffc79d8b000 	C:\Users\USER\.jdks\openjdk-22.0.1\bin\VCRUNTIME140.dll
0x00007ffc79e40000 - 0x00007ffc79e57000 	C:\Users\USER\.jdks\openjdk-22.0.1\bin\jli.dll
0x00007ffc84490000 - 0x00007ffc8463e000 	C:\WINDOWS\System32\USER32.dll
0x00007ffc730d0000 - 0x00007ffc73363000 	C:\WINDOWS\WinSxS\amd64_microsoft.windows.common-controls_6595b64144ccf1df_6.0.22621.3672_none_2713b9d173822955\COMCTL32.dll
0x00007ffc824c0000 - 0x00007ffc824e6000 	C:\WINDOWS\System32\win32u.dll
0x00007ffc83120000 - 0x00007ffc831c7000 	C:\WINDOWS\System32\msvcrt.dll
0x00007ffc832b0000 - 0x00007ffc832d9000 	C:\WINDOWS\System32\GDI32.dll
0x00007ffc82180000 - 0x00007ffc82299000 	C:\WINDOWS\System32\gdi32full.dll
0x00007ffc82a80000 - 0x00007ffc82b1a000 	C:\WINDOWS\System32\msvcp_win.dll
0x00007ffc834f0000 - 0x00007ffc83521000 	C:\WINDOWS\System32\IMM32.DLL
0x00007ffc7ed30000 - 0x00007ffc7ed3c000 	C:\Users\USER\.jdks\openjdk-22.0.1\bin\vcruntime140_1.dll
0x00007ffc5d2a0000 - 0x00007ffc5d32e000 	C:\Users\USER\.jdks\openjdk-22.0.1\bin\msvcp140.dll
0x00007ffbfcc00000 - 0x00007ffbfd947000 	C:\Users\USER\.jdks\openjdk-22.0.1\bin\server\jvm.dll
0x00007ffc838d0000 - 0x00007ffc83982000 	C:\WINDOWS\System32\ADVAPI32.dll
0x00007ffc84cf0000 - 0x00007ffc84d99000 	C:\WINDOWS\System32\sechost.dll
0x00007ffc82320000 - 0x00007ffc82348000 	C:\WINDOWS\System32\bcrypt.dll
0x00007ffc837b0000 - 0x00007ffc838c4000 	C:\WINDOWS\System32\RPCRT4.dll
0x00007ffc83470000 - 0x00007ffc834e1000 	C:\WINDOWS\System32\WS2_32.dll
0x00007ffc81fe0000 - 0x00007ffc8202d000 	C:\WINDOWS\SYSTEM32\POWRPROF.dll
0x00007ffc79ab0000 - 0x00007ffc79ae4000 	C:\WINDOWS\SYSTEM32\WINMM.dll
0x00007ffc77e00000 - 0x00007ffc77e0a000 	C:\WINDOWS\SYSTEM32\VERSION.dll
0x00007ffc81fc0000 - 0x00007ffc81fd3000 	C:\WINDOWS\SYSTEM32\UMPDC.dll
0x00007ffc81160000 - 0x00007ffc81178000 	C:\WINDOWS\SYSTEM32\kernel.appcore.dll
0x00007ffc79e30000 - 0x00007ffc79e3a000 	C:\Users\USER\.jdks\openjdk-22.0.1\bin\jimage.dll
0x00007ffc7fa50000 - 0x00007ffc7fc82000 	C:\WINDOWS\SYSTEM32\DBGHELP.DLL
0x00007ffc84960000 - 0x00007ffc84cee000 	C:\WINDOWS\System32\combase.dll
0x00007ffc831d0000 - 0x00007ffc832a7000 	C:\WINDOWS\System32\OLEAUT32.dll
0x00007ffc774e0000 - 0x00007ffc77512000 	C:\WINDOWS\SYSTEM32\dbgcore.DLL
0x00007ffc822a0000 - 0x00007ffc8231b000 	C:\WINDOWS\System32\bcryptPrimitives.dll
0x00007ffc77a00000 - 0x00007ffc77a0f000 	C:\Users\USER\.jdks\openjdk-22.0.1\bin\instrument.dll
0x00007ffc77a20000 - 0x00007ffc77a3e000 	C:\Users\USER\.jdks\openjdk-22.0.1\bin\java.dll
0x00007ffc83990000 - 0x00007ffc841f7000 	C:\WINDOWS\System32\SHELL32.dll
0x00007ffc842e0000 - 0x00007ffc84485000 	C:\WINDOWS\System32\ole32.dll
0x00007ffc80090000 - 0x00007ffc8098f000 	C:\WINDOWS\SYSTEM32\windows.storage.dll
0x00007ffc7ff50000 - 0x00007ffc8008f000 	C:\WINDOWS\SYSTEM32\wintypes.dll
0x00007ffc84640000 - 0x00007ffc84739000 	C:\WINDOWS\System32\SHCORE.dll
0x00007ffc84280000 - 0x00007ffc842de000 	C:\WINDOWS\System32\shlwapi.dll
0x00007ffc82040000 - 0x00007ffc82067000 	C:\WINDOWS\SYSTEM32\profapi.dll
0x00007ffc513b0000 - 0x00007ffc51487000 	C:\Users\USER\.jdks\openjdk-22.0.1\bin\jsvml.dll
0x00007ffc776c0000 - 0x00007ffc776d7000 	C:\Users\USER\.jdks\openjdk-22.0.1\bin\zip.dll
0x00007ffc77700000 - 0x00007ffc77710000 	C:\Users\USER\.jdks\openjdk-22.0.1\bin\net.dll
0x00007ffc815d0000 - 0x00007ffc81639000 	C:\WINDOWS\system32\mswsock.dll
0x00007ffc776e0000 - 0x00007ffc776f6000 	C:\Users\USER\.jdks\openjdk-22.0.1\bin\nio.dll
0x00007ffc76df0000 - 0x00007ffc76e0a000 	C:\Program Files\JetBrains\IntelliJ IDEA Community Edition 2024.1.1\bin\breakgen64.dll
0x00007ffc770a0000 - 0x00007ffc770a9000 	C:\Users\USER\.jdks\openjdk-22.0.1\bin\extnet.dll
0x00007ffc371c0000 - 0x00007ffc3734d000 	C:\Users\USER\.jdks\openjdk-22.0.1\bin\awt.dll
0x00007ffc798c0000 - 0x00007ffc79957000 	C:\WINDOWS\SYSTEM32\apphelp.dll
0x00007ffc7f4d0000 - 0x00007ffc7f4fb000 	C:\WINDOWS\system32\DWMAPI.DLL
0x00007ffc7efb0000 - 0x00007ffc7f061000 	C:\WINDOWS\system32\uxtheme.dll
0x00007ffc50150000 - 0x00007ffc50250000 	C:\WINDOWS\system32\opengl32.dll
0x00007ffc55220000 - 0x00007ffc5524d000 	C:\WINDOWS\SYSTEM32\GLU32.dll
0x00007ffc7f2a0000 - 0x00007ffc7f2d7000 	C:\WINDOWS\SYSTEM32\dxcore.dll
0x00007ffc83620000 - 0x00007ffc8377e000 	C:\WINDOWS\System32\MSCTF.dll
0x00007ffc52520000 - 0x00007ffc525a7000 	C:\Users\USER\.jdks\openjdk-22.0.1\bin\freetype.dll
0x00007ffc3e950000 - 0x00007ffc3ea27000 	C:\Users\USER\.jdks\openjdk-22.0.1\bin\fontmanager.dll
0x00007ffc82b80000 - 0x00007ffc82c30000 	C:\WINDOWS\System32\clbcatq.dll
0x00007ffc7edb0000 - 0x00007ffc7ef61000 	C:\WINDOWS\SYSTEM32\WindowsCodecs.dll
0x00007ffc4b380000 - 0x00007ffc4b3de000 	C:\WINDOWS\system32\dataexchange.dll
0x00007ffc6c330000 - 0x00007ffc6c5ba000 	C:\WINDOWS\system32\twinapi.appcore.dll
0x00007ffc5ee10000 - 0x00007ffc5ef53000 	C:\WINDOWS\SYSTEM32\textinputframework.dll
0x00007ffc795b0000 - 0x00007ffc796e3000 	C:\WINDOWS\SYSTEM32\CoreMessaging.dll
0x00007ffc6b060000 - 0x00007ffc6b3cd000 	C:\WINDOWS\SYSTEM32\CoreUIComponents.dll
0x00007ffc81820000 - 0x00007ffc8182c000 	C:\WINDOWS\SYSTEM32\CRYPTBASE.DLL
0x00007ffc6fa30000 - 0x00007ffc6fa39000 	C:\Users\USER\.jdks\openjdk-22.0.1\bin\syslookup.dll

dbghelp: loaded successfully - version: 4.0.5 - missing functions: none
symbol engine: initialized successfully - sym options: 0x614 - pdb path: .;C:\Users\USER\.jdks\openjdk-22.0.1\bin;C:\WINDOWS\SYSTEM32;C:\WINDOWS\WinSxS\amd64_microsoft.windows.common-controls_6595b64144ccf1df_6.0.22621.3672_none_2713b9d173822955;C:\Users\USER\.jdks\openjdk-22.0.1\bin\server;C:\Program Files\JetBrains\IntelliJ IDEA Community Edition 2024.1.1\bin

VM Arguments:
jvm_args: --enable-preview -javaagent:C:\Program Files\JetBrains\IntelliJ IDEA Community Edition 2024.1.1\lib\idea_rt.jar=64718:C:\Program Files\JetBrains\IntelliJ IDEA Community Edition 2024.1.1\bin -Dfile.encoding=UTF-8 -Dsun.stdout.encoding=UTF-8 -Dsun.stderr.encoding=UTF-8 
java_command: org.example.Main
java_class_path (initial): C:\Users\USER\IdeaProjects\SpaceSurvivalProject\target\classes;C:\Users\USER\.m2\repository\com\mysql\mysql-connector-j\8.0.32\mysql-connector-j-8.0.32.jar;C:\Users\USER\.m2\repository\com\google\protobuf\protobuf-java\3.21.9\protobuf-java-3.21.9.jar
Launcher Type: SUN_STANDARD

[Global flags]
     intx CICompilerCount                          = 4                                         {product} {ergonomic}
     uint ConcGCThreads                            = 2                                         {product} {ergonomic}
     uint G1ConcRefinementThreads                  = 8                                         {product} {ergonomic}
   size_t G1HeapRegionSize                         = 2097152                                   {product} {ergonomic}
   size_t InitialHeapSize                          = 264241152                                 {product} {ergonomic}
   size_t MarkStackSize                            = 4194304                                   {product} {ergonomic}
   size_t MaxHeapSize                              = 4215275520                                {product} {ergonomic}
   size_t MaxNewSize                               = 2529165312                                {product} {ergonomic}
   size_t MinHeapDeltaBytes                        = 2097152                                   {product} {ergonomic}
   size_t MinHeapSize                              = 8388608                                   {product} {ergonomic}
    uintx NonNMethodCodeHeapSize                   = 5839372                                {pd product} {ergonomic}
    uintx NonProfiledCodeHeapSize                  = 122909434                              {pd product} {ergonomic}
    uintx ProfiledCodeHeapSize                     = 122909434                              {pd product} {ergonomic}
    uintx ReservedCodeCacheSize                    = 251658240                              {pd product} {ergonomic}
     bool SegmentedCodeCache                       = true                                      {product} {ergonomic}
   size_t SoftMaxHeapSize                          = 4215275520                             {manageable} {ergonomic}
     bool UseCompressedOops                        = true                           {product lp64_product} {ergonomic}
     bool UseG1GC                                  = true                                      {product} {ergonomic}
     bool UseLargePagesIndividualAllocation        = false                                  {pd product} {ergonomic}

Logging:
Log output configuration:
 #0: stdout all=warning uptime,level,tags foldmultilines=false
 #1: stderr all=off uptime,level,tags foldmultilines=false

Environment Variables:
JAVA_HOME=C:\Program Files\Java\jdk-21
PATH=C:\Program Files\Common Files\Oracle\Java\javapath;C:\WINDOWS\system32;C:\WINDOWS;C:\WINDOWS\System32\Wbem;C:\WINDOWS\System32\WindowsPowerShell\v1.0\;C:\WINDOWS\System32\OpenSSH\;C:\Program Files\Git\cmd;C:\Program Files\Microsoft SQL Server\150\Tools\Binn\;C:\Program Files\Microsoft SQL Server\Client SDK\ODBC\170\Tools\Binn\;C:\Program Files\dotnet\;C:\Program Files\Java\jdk-21\bin;C:\Users\USER\AppData\Local\Programs\Python\Python312\Scripts\;C:\Users\USER\AppData\Local\Programs\Python\Python312\;C:\Users\USER\AppData\Local\Microsoft\WindowsApps;C:\Users\USER\.dotnet\tools;C:\Users\USER\AppData\Local\Programs\Fiddler;C:\Users\USER\OneDrive\ \Fiddler;C:\Program Files\JetBrains\PyCharm Community Edition 2023.2.5\bin;
USERNAME=Shalev
OS=Windows_NT
PROCESSOR_IDENTIFIER=Intel64 Family 6 Model 140 Stepping 1, GenuineIntel
TMP=C:\Users\USER\AppData\Local\Temp
TEMP=C:\Users\USER\AppData\Local\Temp




Periodic native trim disabled

---------------  S Y S T E M  ---------------

OS:
 Windows 11 , 64 bit Build 22621 (10.0.22621.3958)
OS uptime: 13 days 20:53 hours

CPU: total 8 (initial active 8) (4 cores per cpu, 2 threads per core) family 6 model 140 stepping 1 microcode 0xa4, cx8, cmov, fxsr, ht, mmx, 3dnowpref, sse, sse2, sse3, ssse3, sse4.1, sse4.2, popcnt, lzcnt, tsc, tscinvbit, avx, avx2, aes, erms, clmul, bmi1, bmi2, adx, avx512f, avx512dq, avx512cd, avx512bw, avx512vl, sha, fma, vzeroupper, avx512_vpopcntdq, avx512_vpclmulqdq, avx512_vaes, avx512_vnni, clflush, clflushopt, clwb, avx512_vbmi2, avx512_vbmi, rdtscp, rdpid, fsrm, gfni, avx512_bitalg, f16c, pku, cet_ibt, cet_ss, avx512_ifma
Processor Information for all 8 processors :
  Max Mhz: 2803, Current Mhz: 2803, Mhz Limit: 2803

Memory: 4k page, system-wide physical 16078M (2720M free)
TotalPageFile size 23003M (AvailPageFile size 2516M)
current process WorkingSet (physical memory assigned to process): 178M, peak: 178M
current process commit charge ("private bytes"): 425M, peak: 425M

vm_info: OpenJDK 64-Bit Server VM (22.0.1+8-16) for windows-amd64 JRE (22.0.1+8-16), built on 2024-03-12T10:33:16Z by "mach5one" with MS VC++ 17.6 (VS2022)

END.
