#
# A fatal error has been detected by the Java Runtime Environment:
#
#  Internal Error (upcallLinker.cpp:146), pid=23260, tid=19848
#  Error: ShouldNotReachHere()
#
# JRE version: OpenJDK Runtime Environment (22.0.1+8) (build 22.0.1+8-16)
# Java VM: OpenJDK 64-Bit Server VM (22.0.1+8-16, mixed mode, sharing, tiered, compressed oops, compressed class ptrs, g1 gc, windows-amd64)
# No core dump will be written. Minidumps are not enabled by default on client versions of Windows
#
# If you would like to submit a bug report, please visit:
#   https://bugreport.java.com/bugreport/crash.jsp
#

---------------  S U M M A R Y ------------

Command Line: --enable-preview -javaagent:C:\Program Files\JetBrains\IntelliJ IDEA Community Edition 2024.1.1\lib\idea_rt.jar=64741:C:\Program Files\JetBrains\IntelliJ IDEA Community Edition 2024.1.1\bin -Dfile.encoding=UTF-8 -Dsun.stdout.encoding=UTF-8 -Dsun.stderr.encoding=UTF-8 org.example.Main

Host: 11th Gen Intel(R) Core(TM) i7-1165G7 @ 2.80GHz, 8 cores, 15G,  Windows 11 , 64 bit Build 22621 (10.0.22621.3958)
Time: Mon Oct  7 20:08:35 2024  Windows 11 , 64 bit Build 22621 (10.0.22621.3958) elapsed time: 29.394539 seconds (0d 0h 0m 29s)

---------------  T H R E A D  ---------------

Current thread (0x0000023d49b30d70):  JavaThread "AWT-EventQueue-0"        [_thread_in_Java, id=19848, stack(0x000000521aa00000,0x000000521ab00000) (1024K)]

Stack: [0x000000521aa00000,0x000000521ab00000]
Native frames: (J=compiled Java code, j=interpreted, Vv=VM code, C=native code)
V  [jvm.dll+0x6e2279]  (no source info available)
V  [jvm.dll+0x874e33]  (no source info available)
V  [jvm.dll+0x87725e]  (no source info available)
V  [jvm.dll+0x8778e7]  (no source info available)
V  [jvm.dll+0x27fcf7]  (no source info available)
V  [jvm.dll+0x27fd1c]  (no source info available)
V  [jvm.dll+0x27fc70]  (no source info available)
V  [jvm.dll+0x84482f]  (no source info available)
C  0x0000023d729e6e13  (no source info available)

The last pc belongs to upcall stub exception handler (printed below).
StubRoutines::upcall stub exception handler [0x0000023d729e6df9, 0x0000023d729e6e2e] (53 bytes)
[MachCode]
  0x0000023d729e6df9: c5f8 7748 | 8bc8 4883 | e4f0 4883 | ec20 48b8 | f047 44fd | fb7f 0000 | ffd0 48b9 | d018 5cfd 
  0x0000023d729e6e19: fb7f 0000 | 4883 e4f0 | 48b8 c094 | 23fd fb7f | 0000 ffd0 | 
[/MachCode]

---------------  P R O C E S S  ---------------

Threads class SMR info:
_java_thread_list=0x0000023d48ef0920, length=19, elements={
0x0000023d021b5120, 0x0000023d021b6130, 0x0000023d021b8e80, 0x0000023d021b99d0,
0x0000023d021bd480, 0x0000023d021be8a0, 0x0000023d021cab40, 0x0000023d02340020,
0x0000023d0217eb90, 0x0000023d02532170, 0x0000023d02535950, 0x0000023d0263c480,
0x0000023d026410a0, 0x0000023d02644a60, 0x0000023d4aa374b0, 0x0000023d4ae52010,
0x0000023d49b30d70, 0x0000023d49b31400, 0x0000023d49b31a90
}

Java Threads: ( => current thread )
  0x0000023d021b5120 JavaThread "Reference Handler"          daemon [_thread_blocked, id=16168, stack(0x0000005219600000,0x0000005219700000) (1024K)]
  0x0000023d021b6130 JavaThread "Finalizer"                  daemon [_thread_blocked, id=1856, stack(0x0000005219700000,0x0000005219800000) (1024K)]
  0x0000023d021b8e80 JavaThread "Signal Dispatcher"          daemon [_thread_blocked, id=12640, stack(0x0000005219800000,0x0000005219900000) (1024K)]
  0x0000023d021b99d0 JavaThread "Attach Listener"            daemon [_thread_blocked, id=8684, stack(0x0000005219900000,0x0000005219a00000) (1024K)]
  0x0000023d021bd480 JavaThread "Service Thread"             daemon [_thread_blocked, id=5096, stack(0x0000005219a00000,0x0000005219b00000) (1024K)]
  0x0000023d021be8a0 JavaThread "Monitor Deflation Thread"   daemon [_thread_blocked, id=20448, stack(0x0000005219b00000,0x0000005219c00000) (1024K)]
  0x0000023d021cab40 JavaThread "C2 CompilerThread0"         daemon [_thread_blocked, id=7704, stack(0x0000005219c00000,0x0000005219d00000) (1024K)]
  0x0000023d02340020 JavaThread "C1 CompilerThread0"         daemon [_thread_blocked, id=9736, stack(0x0000005219d00000,0x0000005219e00000) (1024K)]
  0x0000023d0217eb90 JavaThread "Common-Cleaner"             daemon [_thread_blocked, id=27508, stack(0x0000005219e00000,0x0000005219f00000) (1024K)]
  0x0000023d02532170 JavaThread "Monitor Ctrl-Break"         daemon [_thread_in_native, id=9096, stack(0x000000521a000000,0x000000521a100000) (1024K)]
  0x0000023d02535950 JavaThread "Notification Thread"        daemon [_thread_blocked, id=27056, stack(0x000000521a100000,0x000000521a200000) (1024K)]
  0x0000023d0263c480 JavaThread "Java2D Disposer"            daemon [_thread_blocked, id=23160, stack(0x000000521a200000,0x000000521a300000) (1024K)]
  0x0000023d026410a0 JavaThread "AWT-Shutdown"                      [_thread_blocked, id=8976, stack(0x000000521a300000,0x000000521a400000) (1024K)]
  0x0000023d02644a60 JavaThread "AWT-Windows"                daemon [_thread_in_native, id=24624, stack(0x000000521a400000,0x000000521a500000) (1024K)]
  0x0000023d4aa374b0 JavaThread "Thread-0"                          [_thread_blocked, id=10288, stack(0x000000521a800000,0x000000521a900000) (1024K)]
  0x0000023d4ae52010 JavaThread "Thread-1"                          [_thread_blocked, id=11068, stack(0x000000521a900000,0x000000521aa00000) (1024K)]
=>0x0000023d49b30d70 JavaThread "AWT-EventQueue-0"                  [_thread_in_Java, id=19848, stack(0x000000521aa00000,0x000000521ab00000) (1024K)]
  0x0000023d49b31400 JavaThread "DestroyJavaVM"                     [_thread_blocked, id=980, stack(0x0000005218e00000,0x0000005218f00000) (1024K)]
  0x0000023d49b31a90 JavaThread "TimerQueue"                 daemon [_thread_blocked, id=25120, stack(0x000000521ae00000,0x000000521af00000) (1024K)]
Total: 19

Other Threads:
  0x0000023d02195d90 VMThread "VM Thread"                           [id=22488, stack(0x0000005219500000,0x0000005219600000) (1024K)]
  0x0000023d0217dfd0 WatcherThread "VM Periodic Task Thread"        [id=21508, stack(0x0000005219400000,0x0000005219500000) (1024K)]
  0x0000023d631a0700 WorkerThread "GC Thread#0"                     [id=25680, stack(0x0000005218f00000,0x0000005219000000) (1024K)]
  0x0000023d499c5530 WorkerThread "GC Thread#1"                     [id=14460, stack(0x000000521a600000,0x000000521a700000) (1024K)]
  0x0000023d0268d770 WorkerThread "GC Thread#2"                     [id=6280, stack(0x000000521a700000,0x000000521a800000) (1024K)]
  0x0000023d4a2fea90 WorkerThread "GC Thread#3"                     [id=26140, stack(0x000000521af00000,0x000000521b000000) (1024K)]
  0x0000023d48a99980 WorkerThread "GC Thread#4"                     [id=8736, stack(0x000000521b000000,0x000000521b100000) (1024K)]
  0x0000023d495d8910 WorkerThread "GC Thread#5"                     [id=7808, stack(0x000000521b100000,0x000000521b200000) (1024K)]
  0x0000023d4ab14390 WorkerThread "GC Thread#6"                     [id=12072, stack(0x000000521b200000,0x000000521b300000) (1024K)]
  0x0000023d4ab14740 WorkerThread "GC Thread#7"                     [id=5508, stack(0x000000521b300000,0x000000521b400000) (1024K)]
  0x0000023d631b1230 ConcurrentGCThread "G1 Main Marker"            [id=25904, stack(0x0000005219000000,0x0000005219100000) (1024K)]
  0x0000023d631b1ef0 WorkerThread "G1 Conc#0"                       [id=12756, stack(0x0000005219100000,0x0000005219200000) (1024K)]
  0x0000023d631fe560 ConcurrentGCThread "G1 Refine#0"               [id=18972, stack(0x0000005219200000,0x0000005219300000) (1024K)]
  0x0000023d020502d0 ConcurrentGCThread "G1 Service"                [id=26448, stack(0x0000005219300000,0x0000005219400000) (1024K)]
Total: 14

Threads with active compile tasks:
Total: 0

VM state: not at safepoint (normal execution)

VM Mutex/Monitor currently owned by a thread: None

OutOfMemory and StackOverflow Exception counts:
StackOverflowErrors=1048
LinkageErrors=127

Heap address: 0x0000000704c00000, size: 4020 MB, Compressed Oops mode: Zero based, Oop shift amount: 3

CDS archive(s) mapped at: [0x0000023d03000000-0x0000023d03c50000-0x0000023d03c50000), size 12910592, SharedBaseAddress: 0x0000023d03000000, ArchiveRelocationMode: 1.
Compressed class space mapped at: 0x0000023d04000000-0x0000023d44000000, reserved size: 1073741824
Narrow klass base: 0x0000023d03000000, Narrow klass shift: 0, Narrow klass range: 0x41000000

GC Precious Log:
 CardTable entry size: 512
 Card Set container configuration: InlinePtr #cards 4 size 8 Array Of Cards #cards 16 size 48 Howl #buckets 8 coarsen threshold 3686 Howl Bitmap #cards 512 size 80 coarsen threshold 460 Card regions per heap region 1 cards per card region 4096
 CPUs: 8 total, 8 available
 Memory: 16078M
 Large Page Support: Disabled
 NUMA Support: Disabled
 Compressed Oops: Enabled (Zero based)
 Heap Region Size: 2M
 Heap Min Capacity: 8M
 Heap Initial Capacity: 252M
 Heap Max Capacity: 4020M
 Pre-touch: Disabled
 Parallel Workers: 8
 Concurrent Workers: 2
 Concurrent Refinement Workers: 8
 Periodic GC: Disabled

Heap:
 garbage-first heap   total reserved 4116480K, committed 258048K, used 108378K [0x0000000704c00000, 0x0000000800000000)
  region size 2048K, 45 young (92160K), 2 survivors (4096K)
 Metaspace       used 16429K, committed 17024K, reserved 1114112K
  class space    used 1870K, committed 2112K, reserved 1048576K

Heap Regions: E=young(eden), S=young(survivor), O=old, HS=humongous(starts), HC=humongous(continues), CS=collection set, F=free, TAMS=top-at-mark-start, PB=parsable bottom
|   0|0x0000000704c00000, 0x0000000704e00000, 0x0000000704e00000|100%|HS|  |TAMS 0x0000000704c00000| PB 0x0000000704c00000| Complete |  0
|   1|0x0000000704e00000, 0x0000000705000000, 0x0000000705000000|100%|HS|  |TAMS 0x0000000704e00000| PB 0x0000000704e00000| Complete |  0
|   2|0x0000000705000000, 0x0000000705200000, 0x0000000705200000|100%|HC|  |TAMS 0x0000000705000000| PB 0x0000000705000000| Complete |  0
|   3|0x0000000705200000, 0x0000000705400000, 0x0000000705400000|100%|HC|  |TAMS 0x0000000705200000| PB 0x0000000705200000| Complete |  0
|   4|0x0000000705400000, 0x0000000705600000, 0x0000000705600000|100%| O|  |TAMS 0x0000000705400000| PB 0x0000000705400000| Untracked |  0
|   5|0x0000000705600000, 0x0000000705800000, 0x0000000705800000|100%| O|  |TAMS 0x0000000705600000| PB 0x0000000705600000| Untracked |  0
|   6|0x0000000705800000, 0x0000000705a00000, 0x0000000705a00000|100%| O|  |TAMS 0x0000000705800000| PB 0x0000000705800000| Untracked |  0
|   7|0x0000000705a00000, 0x0000000705c00000, 0x0000000705c00000|100%| O|  |TAMS 0x0000000705a00000| PB 0x0000000705a00000| Untracked |  0
|   8|0x0000000705c00000, 0x0000000705e00000, 0x0000000705e00000|100%| O|  |TAMS 0x0000000705c00000| PB 0x0000000705c00000| Untracked |  0
|   9|0x0000000705e00000, 0x0000000705e06000, 0x0000000706000000|  1%| O|  |TAMS 0x0000000705e00000| PB 0x0000000705e00000| Untracked |  0
|  10|0x0000000706000000, 0x0000000706000000, 0x0000000706200000|  0%| F|  |TAMS 0x0000000706000000| PB 0x0000000706000000| Untracked |  0
|  11|0x0000000706200000, 0x0000000706200000, 0x0000000706400000|  0%| F|  |TAMS 0x0000000706200000| PB 0x0000000706200000| Untracked |  0
|  12|0x0000000706400000, 0x0000000706400000, 0x0000000706600000|  0%| F|  |TAMS 0x0000000706400000| PB 0x0000000706400000| Untracked |  0
|  13|0x0000000706600000, 0x0000000706600000, 0x0000000706800000|  0%| F|  |TAMS 0x0000000706600000| PB 0x0000000706600000| Untracked |  0
|  14|0x0000000706800000, 0x0000000706800000, 0x0000000706a00000|  0%| F|  |TAMS 0x0000000706800000| PB 0x0000000706800000| Untracked |  0
|  15|0x0000000706a00000, 0x0000000706a00000, 0x0000000706c00000|  0%| F|  |TAMS 0x0000000706a00000| PB 0x0000000706a00000| Untracked |  0
|  16|0x0000000706c00000, 0x0000000706c00000, 0x0000000706e00000|  0%| F|  |TAMS 0x0000000706c00000| PB 0x0000000706c00000| Untracked |  0
|  17|0x0000000706e00000, 0x0000000706e00000, 0x0000000707000000|  0%| F|  |TAMS 0x0000000706e00000| PB 0x0000000706e00000| Untracked |  0
|  18|0x0000000707000000, 0x0000000707000000, 0x0000000707200000|  0%| F|  |TAMS 0x0000000707000000| PB 0x0000000707000000| Untracked |  0
|  19|0x0000000707200000, 0x0000000707200000, 0x0000000707400000|  0%| F|  |TAMS 0x0000000707200000| PB 0x0000000707200000| Untracked |  0
|  20|0x0000000707400000, 0x0000000707400000, 0x0000000707600000|  0%| F|  |TAMS 0x0000000707400000| PB 0x0000000707400000| Untracked |  0
|  21|0x0000000707600000, 0x0000000707600000, 0x0000000707800000|  0%| F|  |TAMS 0x0000000707600000| PB 0x0000000707600000| Untracked |  0
|  22|0x0000000707800000, 0x0000000707800000, 0x0000000707a00000|  0%| F|  |TAMS 0x0000000707800000| PB 0x0000000707800000| Untracked |  0
|  23|0x0000000707a00000, 0x0000000707a00000, 0x0000000707c00000|  0%| F|  |TAMS 0x0000000707a00000| PB 0x0000000707a00000| Untracked |  0
|  24|0x0000000707c00000, 0x0000000707c00000, 0x0000000707e00000|  0%| F|  |TAMS 0x0000000707c00000| PB 0x0000000707c00000| Untracked |  0
|  25|0x0000000707e00000, 0x0000000707e00000, 0x0000000708000000|  0%| F|  |TAMS 0x0000000707e00000| PB 0x0000000707e00000| Untracked |  0
|  26|0x0000000708000000, 0x0000000708000000, 0x0000000708200000|  0%| F|  |TAMS 0x0000000708000000| PB 0x0000000708000000| Untracked |  0
|  27|0x0000000708200000, 0x0000000708200000, 0x0000000708400000|  0%| F|  |TAMS 0x0000000708200000| PB 0x0000000708200000| Untracked |  0
|  28|0x0000000708400000, 0x0000000708400000, 0x0000000708600000|  0%| F|  |TAMS 0x0000000708400000| PB 0x0000000708400000| Untracked |  0
|  29|0x0000000708600000, 0x0000000708600000, 0x0000000708800000|  0%| F|  |TAMS 0x0000000708600000| PB 0x0000000708600000| Untracked |  0
|  30|0x0000000708800000, 0x0000000708800000, 0x0000000708a00000|  0%| F|  |TAMS 0x0000000708800000| PB 0x0000000708800000| Untracked |  0
|  31|0x0000000708a00000, 0x0000000708a00000, 0x0000000708c00000|  0%| F|  |TAMS 0x0000000708a00000| PB 0x0000000708a00000| Untracked |  0
|  32|0x0000000708c00000, 0x0000000708c00000, 0x0000000708e00000|  0%| F|  |TAMS 0x0000000708c00000| PB 0x0000000708c00000| Untracked |  0
|  33|0x0000000708e00000, 0x0000000708e00000, 0x0000000709000000|  0%| F|  |TAMS 0x0000000708e00000| PB 0x0000000708e00000| Untracked |  0
|  34|0x0000000709000000, 0x0000000709000000, 0x0000000709200000|  0%| F|  |TAMS 0x0000000709000000| PB 0x0000000709000000| Untracked |  0
|  35|0x0000000709200000, 0x0000000709200000, 0x0000000709400000|  0%| F|  |TAMS 0x0000000709200000| PB 0x0000000709200000| Untracked |  0
|  36|0x0000000709400000, 0x0000000709400000, 0x0000000709600000|  0%| F|  |TAMS 0x0000000709400000| PB 0x0000000709400000| Untracked |  0
|  37|0x0000000709600000, 0x0000000709600000, 0x0000000709800000|  0%| F|  |TAMS 0x0000000709600000| PB 0x0000000709600000| Untracked |  0
|  38|0x0000000709800000, 0x0000000709800000, 0x0000000709a00000|  0%| F|  |TAMS 0x0000000709800000| PB 0x0000000709800000| Untracked |  0
|  39|0x0000000709a00000, 0x0000000709a00000, 0x0000000709c00000|  0%| F|  |TAMS 0x0000000709a00000| PB 0x0000000709a00000| Untracked |  0
|  40|0x0000000709c00000, 0x0000000709c00000, 0x0000000709e00000|  0%| F|  |TAMS 0x0000000709c00000| PB 0x0000000709c00000| Untracked |  0
|  41|0x0000000709e00000, 0x0000000709e00000, 0x000000070a000000|  0%| F|  |TAMS 0x0000000709e00000| PB 0x0000000709e00000| Untracked |  0
|  42|0x000000070a000000, 0x000000070a000000, 0x000000070a200000|  0%| F|  |TAMS 0x000000070a000000| PB 0x000000070a000000| Untracked |  0
|  43|0x000000070a200000, 0x000000070a200000, 0x000000070a400000|  0%| F|  |TAMS 0x000000070a200000| PB 0x000000070a200000| Untracked |  0
|  44|0x000000070a400000, 0x000000070a400000, 0x000000070a600000|  0%| F|  |TAMS 0x000000070a400000| PB 0x000000070a400000| Untracked |  0
|  45|0x000000070a600000, 0x000000070a600000, 0x000000070a800000|  0%| F|  |TAMS 0x000000070a600000| PB 0x000000070a600000| Untracked |  0
|  46|0x000000070a800000, 0x000000070a800000, 0x000000070aa00000|  0%| F|  |TAMS 0x000000070a800000| PB 0x000000070a800000| Untracked |  0
|  47|0x000000070aa00000, 0x000000070aa00000, 0x000000070ac00000|  0%| F|  |TAMS 0x000000070aa00000| PB 0x000000070aa00000| Untracked |  0
|  48|0x000000070ac00000, 0x000000070ac00000, 0x000000070ae00000|  0%| F|  |TAMS 0x000000070ac00000| PB 0x000000070ac00000| Untracked |  0
|  49|0x000000070ae00000, 0x000000070afd08f0, 0x000000070b000000| 90%| S|CS|TAMS 0x000000070ae00000| PB 0x000000070ae00000| Complete |  0
|  50|0x000000070b000000, 0x000000070b200000, 0x000000070b200000|100%| S|CS|TAMS 0x000000070b000000| PB 0x000000070b000000| Complete |  0
|  51|0x000000070b200000, 0x000000070b200000, 0x000000070b400000|  0%| F|  |TAMS 0x000000070b200000| PB 0x000000070b200000| Untracked |  0
|  52|0x000000070b400000, 0x000000070b400000, 0x000000070b600000|  0%| F|  |TAMS 0x000000070b400000| PB 0x000000070b400000| Untracked |  0
|  53|0x000000070b600000, 0x000000070b600000, 0x000000070b800000|  0%| F|  |TAMS 0x000000070b600000| PB 0x000000070b600000| Untracked |  0
|  54|0x000000070b800000, 0x000000070b800000, 0x000000070ba00000|  0%| F|  |TAMS 0x000000070b800000| PB 0x000000070b800000| Untracked |  0
|  55|0x000000070ba00000, 0x000000070ba00000, 0x000000070bc00000|  0%| F|  |TAMS 0x000000070ba00000| PB 0x000000070ba00000| Untracked |  0
|  56|0x000000070bc00000, 0x000000070bc00000, 0x000000070be00000|  0%| F|  |TAMS 0x000000070bc00000| PB 0x000000070bc00000| Untracked |  0
|  57|0x000000070be00000, 0x000000070be00000, 0x000000070c000000|  0%| F|  |TAMS 0x000000070be00000| PB 0x000000070be00000| Untracked |  0
|  58|0x000000070c000000, 0x000000070c000000, 0x000000070c200000|  0%| F|  |TAMS 0x000000070c000000| PB 0x000000070c000000| Untracked |  0
|  59|0x000000070c200000, 0x000000070c200000, 0x000000070c400000|  0%| F|  |TAMS 0x000000070c200000| PB 0x000000070c200000| Untracked |  0
|  60|0x000000070c400000, 0x000000070c400000, 0x000000070c600000|  0%| F|  |TAMS 0x000000070c400000| PB 0x000000070c400000| Untracked |  0
|  61|0x000000070c600000, 0x000000070c600000, 0x000000070c800000|  0%| F|  |TAMS 0x000000070c600000| PB 0x000000070c600000| Untracked |  0
|  62|0x000000070c800000, 0x000000070c800000, 0x000000070ca00000|  0%| F|  |TAMS 0x000000070c800000| PB 0x000000070c800000| Untracked |  0
|  63|0x000000070ca00000, 0x000000070ca00000, 0x000000070cc00000|  0%| F|  |TAMS 0x000000070ca00000| PB 0x000000070ca00000| Untracked |  0
|  64|0x000000070cc00000, 0x000000070cc00000, 0x000000070ce00000|  0%| F|  |TAMS 0x000000070cc00000| PB 0x000000070cc00000| Untracked |  0
|  65|0x000000070ce00000, 0x000000070ce00000, 0x000000070d000000|  0%| F|  |TAMS 0x000000070ce00000| PB 0x000000070ce00000| Untracked |  0
|  66|0x000000070d000000, 0x000000070d000000, 0x000000070d200000|  0%| F|  |TAMS 0x000000070d000000| PB 0x000000070d000000| Untracked |  0
|  67|0x000000070d200000, 0x000000070d200000, 0x000000070d400000|  0%| F|  |TAMS 0x000000070d200000| PB 0x000000070d200000| Untracked |  0
|  68|0x000000070d400000, 0x000000070d400000, 0x000000070d600000|  0%| F|  |TAMS 0x000000070d400000| PB 0x000000070d400000| Untracked |  0
|  69|0x000000070d600000, 0x000000070d600000, 0x000000070d800000|  0%| F|  |TAMS 0x000000070d600000| PB 0x000000070d600000| Untracked |  0
|  70|0x000000070d800000, 0x000000070d800000, 0x000000070da00000|  0%| F|  |TAMS 0x000000070d800000| PB 0x000000070d800000| Untracked |  0
|  71|0x000000070da00000, 0x000000070da00000, 0x000000070dc00000|  0%| F|  |TAMS 0x000000070da00000| PB 0x000000070da00000| Untracked |  0
|  72|0x000000070dc00000, 0x000000070dc00000, 0x000000070de00000|  0%| F|  |TAMS 0x000000070dc00000| PB 0x000000070dc00000| Untracked |  0
|  73|0x000000070de00000, 0x000000070de00000, 0x000000070e000000|  0%| F|  |TAMS 0x000000070de00000| PB 0x000000070de00000| Untracked |  0
|  74|0x000000070e000000, 0x000000070e000000, 0x000000070e200000|  0%| F|  |TAMS 0x000000070e000000| PB 0x000000070e000000| Untracked |  0
|  75|0x000000070e200000, 0x000000070e200000, 0x000000070e400000|  0%| F|  |TAMS 0x000000070e200000| PB 0x000000070e200000| Untracked |  0
|  76|0x000000070e400000, 0x000000070e400000, 0x000000070e600000|  0%| F|  |TAMS 0x000000070e400000| PB 0x000000070e400000| Untracked |  0
|  77|0x000000070e600000, 0x000000070e600000, 0x000000070e800000|  0%| F|  |TAMS 0x000000070e600000| PB 0x000000070e600000| Untracked |  0
|  78|0x000000070e800000, 0x000000070e800000, 0x000000070ea00000|  0%| F|  |TAMS 0x000000070e800000| PB 0x000000070e800000| Untracked |  0
|  79|0x000000070ea00000, 0x000000070ea00000, 0x000000070ec00000|  0%| F|  |TAMS 0x000000070ea00000| PB 0x000000070ea00000| Untracked |  0
|  80|0x000000070ec00000, 0x000000070ec00000, 0x000000070ee00000|  0%| F|  |TAMS 0x000000070ec00000| PB 0x000000070ec00000| Untracked |  0
|  81|0x000000070ee00000, 0x000000070ee00000, 0x000000070f000000|  0%| F|  |TAMS 0x000000070ee00000| PB 0x000000070ee00000| Untracked |  0
|  82|0x000000070f000000, 0x000000070f000000, 0x000000070f200000|  0%| F|  |TAMS 0x000000070f000000| PB 0x000000070f000000| Untracked |  0
|  83|0x000000070f200000, 0x000000070f300000, 0x000000070f400000| 50%| E|  |TAMS 0x000000070f200000| PB 0x000000070f200000| Complete |  0
|  84|0x000000070f400000, 0x000000070f600000, 0x000000070f600000|100%| E|CS|TAMS 0x000000070f400000| PB 0x000000070f400000| Complete |  0
|  85|0x000000070f600000, 0x000000070f800000, 0x000000070f800000|100%| E|CS|TAMS 0x000000070f600000| PB 0x000000070f600000| Complete |  0
|  86|0x000000070f800000, 0x000000070fa00000, 0x000000070fa00000|100%| E|CS|TAMS 0x000000070f800000| PB 0x000000070f800000| Complete |  0
|  87|0x000000070fa00000, 0x000000070fc00000, 0x000000070fc00000|100%| E|CS|TAMS 0x000000070fa00000| PB 0x000000070fa00000| Complete |  0
|  88|0x000000070fc00000, 0x000000070fe00000, 0x000000070fe00000|100%| E|CS|TAMS 0x000000070fc00000| PB 0x000000070fc00000| Complete |  0
|  89|0x000000070fe00000, 0x0000000710000000, 0x0000000710000000|100%| E|CS|TAMS 0x000000070fe00000| PB 0x000000070fe00000| Complete |  0
|  90|0x0000000710000000, 0x0000000710200000, 0x0000000710200000|100%| E|CS|TAMS 0x0000000710000000| PB 0x0000000710000000| Complete |  0
|  91|0x0000000710200000, 0x0000000710400000, 0x0000000710400000|100%| E|CS|TAMS 0x0000000710200000| PB 0x0000000710200000| Complete |  0
|  92|0x0000000710400000, 0x0000000710600000, 0x0000000710600000|100%| E|CS|TAMS 0x0000000710400000| PB 0x0000000710400000| Complete |  0
|  93|0x0000000710600000, 0x0000000710800000, 0x0000000710800000|100%| E|CS|TAMS 0x0000000710600000| PB 0x0000000710600000| Complete |  0
|  94|0x0000000710800000, 0x0000000710a00000, 0x0000000710a00000|100%| E|CS|TAMS 0x0000000710800000| PB 0x0000000710800000| Complete |  0
|  95|0x0000000710a00000, 0x0000000710c00000, 0x0000000710c00000|100%| E|CS|TAMS 0x0000000710a00000| PB 0x0000000710a00000| Complete |  0
|  96|0x0000000710c00000, 0x0000000710e00000, 0x0000000710e00000|100%| E|CS|TAMS 0x0000000710c00000| PB 0x0000000710c00000| Complete |  0
|  97|0x0000000710e00000, 0x0000000711000000, 0x0000000711000000|100%| E|CS|TAMS 0x0000000710e00000| PB 0x0000000710e00000| Complete |  0
|  98|0x0000000711000000, 0x0000000711200000, 0x0000000711200000|100%| E|CS|TAMS 0x0000000711000000| PB 0x0000000711000000| Complete |  0
|  99|0x0000000711200000, 0x0000000711400000, 0x0000000711400000|100%| E|CS|TAMS 0x0000000711200000| PB 0x0000000711200000| Complete |  0
| 100|0x0000000711400000, 0x0000000711600000, 0x0000000711600000|100%| E|CS|TAMS 0x0000000711400000| PB 0x0000000711400000| Complete |  0
| 101|0x0000000711600000, 0x0000000711800000, 0x0000000711800000|100%| E|CS|TAMS 0x0000000711600000| PB 0x0000000711600000| Complete |  0
| 102|0x0000000711800000, 0x0000000711a00000, 0x0000000711a00000|100%| E|CS|TAMS 0x0000000711800000| PB 0x0000000711800000| Complete |  0
| 103|0x0000000711a00000, 0x0000000711c00000, 0x0000000711c00000|100%| E|CS|TAMS 0x0000000711a00000| PB 0x0000000711a00000| Complete |  0
| 104|0x0000000711c00000, 0x0000000711e00000, 0x0000000711e00000|100%| E|CS|TAMS 0x0000000711c00000| PB 0x0000000711c00000| Complete |  0
| 105|0x0000000711e00000, 0x0000000712000000, 0x0000000712000000|100%| E|CS|TAMS 0x0000000711e00000| PB 0x0000000711e00000| Complete |  0
| 106|0x0000000712000000, 0x0000000712200000, 0x0000000712200000|100%| E|CS|TAMS 0x0000000712000000| PB 0x0000000712000000| Complete |  0
| 107|0x0000000712200000, 0x0000000712400000, 0x0000000712400000|100%| E|CS|TAMS 0x0000000712200000| PB 0x0000000712200000| Complete |  0
| 108|0x0000000712400000, 0x0000000712600000, 0x0000000712600000|100%| E|CS|TAMS 0x0000000712400000| PB 0x0000000712400000| Complete |  0
| 109|0x0000000712600000, 0x0000000712800000, 0x0000000712800000|100%| E|CS|TAMS 0x0000000712600000| PB 0x0000000712600000| Complete |  0
| 110|0x0000000712800000, 0x0000000712a00000, 0x0000000712a00000|100%| E|CS|TAMS 0x0000000712800000| PB 0x0000000712800000| Complete |  0
| 111|0x0000000712a00000, 0x0000000712c00000, 0x0000000712c00000|100%| E|CS|TAMS 0x0000000712a00000| PB 0x0000000712a00000| Complete |  0
| 112|0x0000000712c00000, 0x0000000712e00000, 0x0000000712e00000|100%| E|CS|TAMS 0x0000000712c00000| PB 0x0000000712c00000| Complete |  0
| 113|0x0000000712e00000, 0x0000000713000000, 0x0000000713000000|100%| E|CS|TAMS 0x0000000712e00000| PB 0x0000000712e00000| Complete |  0
| 114|0x0000000713000000, 0x0000000713200000, 0x0000000713200000|100%| E|CS|TAMS 0x0000000713000000| PB 0x0000000713000000| Complete |  0
| 115|0x0000000713200000, 0x0000000713400000, 0x0000000713400000|100%| E|CS|TAMS 0x0000000713200000| PB 0x0000000713200000| Complete |  0
| 116|0x0000000713400000, 0x0000000713600000, 0x0000000713600000|100%| E|CS|TAMS 0x0000000713400000| PB 0x0000000713400000| Complete |  0
| 117|0x0000000713600000, 0x0000000713800000, 0x0000000713800000|100%| E|CS|TAMS 0x0000000713600000| PB 0x0000000713600000| Complete |  0
| 118|0x0000000713800000, 0x0000000713a00000, 0x0000000713a00000|100%| E|CS|TAMS 0x0000000713800000| PB 0x0000000713800000| Complete |  0
| 119|0x0000000713a00000, 0x0000000713c00000, 0x0000000713c00000|100%| E|CS|TAMS 0x0000000713a00000| PB 0x0000000713a00000| Complete |  0
| 120|0x0000000713c00000, 0x0000000713e00000, 0x0000000713e00000|100%| E|CS|TAMS 0x0000000713c00000| PB 0x0000000713c00000| Complete |  0
| 121|0x0000000713e00000, 0x0000000714000000, 0x0000000714000000|100%| E|CS|TAMS 0x0000000713e00000| PB 0x0000000713e00000| Complete |  0
| 122|0x0000000714000000, 0x0000000714200000, 0x0000000714200000|100%| E|CS|TAMS 0x0000000714000000| PB 0x0000000714000000| Complete |  0
| 123|0x0000000714200000, 0x0000000714400000, 0x0000000714400000|100%| E|CS|TAMS 0x0000000714200000| PB 0x0000000714200000| Complete |  0
| 124|0x0000000714400000, 0x0000000714600000, 0x0000000714600000|100%| E|CS|TAMS 0x0000000714400000| PB 0x0000000714400000| Complete |  0
| 125|0x0000000714600000, 0x0000000714800000, 0x0000000714800000|100%| E|CS|TAMS 0x0000000714600000| PB 0x0000000714600000| Complete |  0

Card table byte_map: [0x0000023d7af90000,0x0000023d7b770000] _byte_map_base: 0x0000023d7776a000

Marking Bits: (CMBitMap*) 0x0000023d631a0e10
 Bits: [0x0000023d7b770000, 0x0000023d7f640000)

Polling page: 0x0000023d612c0000

Metaspace:

Usage:
  Non-class:     14.22 MB used.
      Class:      1.83 MB used.
       Both:     16.04 MB used.

Virtual space:
  Non-class space:       64.00 MB reserved,      14.56 MB ( 23%) committed,  1 nodes.
      Class space:        1.00 GB reserved,       2.06 MB ( <1%) committed,  1 nodes.
             Both:        1.06 GB reserved,      16.62 MB (  2%) committed. 

Chunk freelists:
   Non-Class:  1005.00 KB
       Class:  13.97 MB
        Both:  14.95 MB

MaxMetaspaceSize: unlimited
CompressedClassSpaceSize: 1.00 GB
Initial GC threshold: 21.00 MB
Current GC threshold: 21.00 MB
CDS: on
 - commit_granule_bytes: 65536.
 - commit_granule_words: 8192.
 - virtual_space_node_default_size: 8388608.
 - enlarge_chunks_in_place: 1.
 - use_allocation_guard: 0.


Internal statistics:

num_allocs_failed_limit: 0.
num_arena_births: 814.
num_arena_deaths: 0.
num_vsnodes_births: 2.
num_vsnodes_deaths: 0.
num_space_committed: 266.
num_space_uncommitted: 0.
num_chunks_returned_to_freelist: 0.
num_chunks_taken_from_freelist: 1055.
num_chunk_merges: 0.
num_chunk_splits: 633.
num_chunks_enlarged: 253.
num_inconsistent_stats: 0.

CodeHeap 'non-profiled nmethods': size=120000Kb used=2797Kb max_used=2797Kb free=117202Kb
 bounds [0x0000023d72f50000, 0x0000023d73210000, 0x0000023d7a480000]
CodeHeap 'profiled nmethods': size=120000Kb used=8209Kb max_used=8209Kb free=111790Kb
 bounds [0x0000023d6b480000, 0x0000023d6bc90000, 0x0000023d729b0000]
CodeHeap 'non-nmethods': size=5760Kb used=1989Kb max_used=2070Kb free=3770Kb
 bounds [0x0000023d729b0000, 0x0000023d72c20000, 0x0000023d72f50000]
 total_blobs=5189 nmethods=4403 adapters=679
 compilation: enabled
              stopped_count=0, restarted_count=0
 full_count=0

Compilation events (20 events):
Event: 28.649 Thread 0x0000023d02340020 4394       3       javax.swing.plaf.basic.BasicOptionPaneUI::installDefaults (44 bytes)
Event: 28.650 Thread 0x0000023d02340020 nmethod 4394 0x0000023d6bc7f790 code [0x0000023d6bc7fb00, 0x0000023d6bc813c8]
Event: 28.650 Thread 0x0000023d02340020 4395       3       javax.swing.UIManager::getDimension (8 bytes)
Event: 28.650 Thread 0x0000023d02340020 nmethod 4395 0x0000023d6bc81a10 code [0x0000023d6bc81c00, 0x0000023d6bc820f8]
Event: 28.650 Thread 0x0000023d02340020 4396       3       javax.swing.UIDefaults::getDimension (22 bytes)
Event: 28.650 Thread 0x0000023d02340020 nmethod 4396 0x0000023d6bc82290 code [0x0000023d6bc82440, 0x0000023d6bc82820]
Event: 28.650 Thread 0x0000023d02340020 4397       3       javax.swing.plaf.basic.BasicOptionPaneUI::createLayoutManager (13 bytes)
Event: 28.651 Thread 0x0000023d02340020 nmethod 4397 0x0000023d6bc82910 code [0x0000023d6bc82ac0, 0x0000023d6bc82c80]
Event: 28.651 Thread 0x0000023d02340020 4398       3       javax.swing.BoxLayout::<init> (44 bytes)
Event: 28.651 Thread 0x0000023d02340020 nmethod 4398 0x0000023d6bc82d10 code [0x0000023d6bc82ee0, 0x0000023d6bc831f8]
Event: 28.732 Thread 0x0000023d021cab40 4399   !   4       javax.swing.JComponent::paintComponent (44 bytes)
Event: 28.746 Thread 0x0000023d021cab40 nmethod 4399 0x0000023d731fff90 code [0x0000023d732001a0, 0x0000023d73201228]
Event: 28.836 Thread 0x0000023d021cab40 4400   !   4       java.awt.Container::addImpl (364 bytes)
Event: 28.863 Thread 0x0000023d021cab40 nmethod 4400 0x0000023d73201510 code [0x0000023d732018c0, 0x0000023d732037b8]
Event: 29.102 Thread 0x0000023d021cab40 4401       4       sun.java2d.pipe.DrawImage::transformImage (124 bytes)
Event: 29.168 Thread 0x0000023d021cab40 nmethod 4401 0x0000023d73204a90 code [0x0000023d73204ec0, 0x0000023d732090e0]
Event: 29.364 Thread 0x0000023d02340020 4402   !   3       java.awt.Window::getInputContext (36 bytes)
Event: 29.364 Thread 0x0000023d02340020 nmethod 4402 0x0000023d6bc83310 code [0x0000023d6bc834e0, 0x0000023d6bc83a30]
Event: 29.380 Thread 0x0000023d02340020 4403       3       javax.swing.LookAndFeel::loadKeyBindings (64 bytes)
Event: 29.380 Thread 0x0000023d02340020 nmethod 4403 0x0000023d6bc83c10 code [0x0000023d6bc83de0, 0x0000023d6bc843e8]

GC Heap History (12 events):
Event: 5.317 GC heap before
{Heap before GC invocations=0 (full 0):
 garbage-first heap   total reserved 4116480K, committed 258048K, used 30720K [0x0000000704c00000, 0x0000000800000000)
  region size 2048K, 12 young (24576K), 0 survivors (0K)
 Metaspace       used 10680K, committed 10944K, reserved 1114112K
  class space    used 1242K, committed 1344K, reserved 1048576K
}
Event: 5.323 GC heap after
{Heap after GC invocations=1 (full 0):
 garbage-first heap   total reserved 4116480K, committed 258048K, used 18496K [0x0000000704c00000, 0x0000000800000000)
  region size 2048K, 2 young (4096K), 2 survivors (4096K)
 Metaspace       used 10680K, committed 10944K, reserved 1114112K
  class space    used 1242K, committed 1344K, reserved 1048576K
}
Event: 17.262 GC heap before
{Heap before GC invocations=1 (full 0):
 garbage-first heap   total reserved 4116480K, committed 258048K, used 38976K [0x0000000704c00000, 0x0000000800000000)
  region size 2048K, 13 young (26624K), 2 survivors (4096K)
 Metaspace       used 15877K, committed 16448K, reserved 1114112K
  class space    used 1864K, committed 2112K, reserved 1048576K
}
Event: 17.266 GC heap after
{Heap after GC invocations=2 (full 0):
 garbage-first heap   total reserved 4116480K, committed 258048K, used 20738K [0x0000000704c00000, 0x0000000800000000)
  region size 2048K, 2 young (4096K), 2 survivors (4096K)
 Metaspace       used 15877K, committed 16448K, reserved 1114112K
  class space    used 1864K, committed 2112K, reserved 1048576K
}
Event: 20.685 GC heap before
{Heap before GC invocations=2 (full 0):
 garbage-first heap   total reserved 4116480K, committed 258048K, used 88322K [0x0000000704c00000, 0x0000000800000000)
  region size 2048K, 35 young (71680K), 2 survivors (4096K)
 Metaspace       used 16346K, committed 16960K, reserved 1114112K
  class space    used 1868K, committed 2112K, reserved 1048576K
}
Event: 20.689 GC heap after
{Heap after GC invocations=3 (full 0):
 garbage-first heap   total reserved 4116480K, committed 258048K, used 22416K [0x0000000704c00000, 0x0000000800000000)
  region size 2048K, 2 young (4096K), 2 survivors (4096K)
 Metaspace       used 16346K, committed 16960K, reserved 1114112K
  class space    used 1868K, committed 2112K, reserved 1048576K
}
Event: 23.399 GC heap before
{Heap before GC invocations=3 (full 0):
 garbage-first heap   total reserved 4116480K, committed 258048K, used 171920K [0x0000000704c00000, 0x0000000800000000)
  region size 2048K, 75 young (153600K), 2 survivors (4096K)
 Metaspace       used 16365K, committed 16960K, reserved 1114112K
  class space    used 1869K, committed 2112K, reserved 1048576K
}
Event: 23.403 GC heap after
{Heap after GC invocations=4 (full 0):
 garbage-first heap   total reserved 4116480K, committed 258048K, used 22309K [0x0000000704c00000, 0x0000000800000000)
  region size 2048K, 2 young (4096K), 2 survivors (4096K)
 Metaspace       used 16365K, committed 16960K, reserved 1114112K
  class space    used 1869K, committed 2112K, reserved 1048576K
}
Event: 25.529 GC heap before
{Heap before GC invocations=4 (full 0):
 garbage-first heap   total reserved 4116480K, committed 258048K, used 171813K [0x0000000704c00000, 0x0000000800000000)
  region size 2048K, 75 young (153600K), 2 survivors (4096K)
 Metaspace       used 16379K, committed 17024K, reserved 1114112K
  class space    used 1869K, committed 2112K, reserved 1048576K
}
Event: 25.536 GC heap after
{Heap after GC invocations=5 (full 0):
 garbage-first heap   total reserved 4116480K, committed 258048K, used 22464K [0x0000000704c00000, 0x0000000800000000)
  region size 2048K, 2 young (4096K), 2 survivors (4096K)
 Metaspace       used 16379K, committed 17024K, reserved 1114112K
  class space    used 1869K, committed 2112K, reserved 1048576K
}
Event: 27.915 GC heap before
{Heap before GC invocations=5 (full 0):
 garbage-first heap   total reserved 4116480K, committed 258048K, used 171968K [0x0000000704c00000, 0x0000000800000000)
  region size 2048K, 75 young (153600K), 2 survivors (4096K)
 Metaspace       used 16412K, committed 17024K, reserved 1114112K
  class space    used 1870K, committed 2112K, reserved 1048576K
}
Event: 27.917 GC heap after
{Heap after GC invocations=6 (full 0):
 garbage-first heap   total reserved 4116480K, committed 258048K, used 22362K [0x0000000704c00000, 0x0000000800000000)
  region size 2048K, 2 young (4096K), 2 survivors (4096K)
 Metaspace       used 16412K, committed 17024K, reserved 1114112K
  class space    used 1870K, committed 2112K, reserved 1048576K
}

Dll operation events (15 events):
Event: 0.008 Loaded shared library C:\Users\USER\.jdks\openjdk-22.0.1\bin\java.dll
Event: 0.059 Loaded shared library C:\Users\USER\.jdks\openjdk-22.0.1\bin\jsvml.dll
Event: 0.122 Loaded shared library C:\Users\USER\.jdks\openjdk-22.0.1\bin\zip.dll
Event: 0.127 Loaded shared library C:\Users\USER\.jdks\openjdk-22.0.1\bin\instrument.dll
Event: 0.132 Loaded shared library C:\Users\USER\.jdks\openjdk-22.0.1\bin\net.dll
Event: 0.135 Loaded shared library C:\Users\USER\.jdks\openjdk-22.0.1\bin\nio.dll
Event: 0.141 Loaded shared library C:\Users\USER\.jdks\openjdk-22.0.1\bin\zip.dll
Event: 0.158 Loaded shared library C:\Program Files\JetBrains\IntelliJ IDEA Community Edition 2024.1.1\bin\breakgen64.dll
Event: 0.169 Loaded shared library C:\Users\USER\.jdks\openjdk-22.0.1\bin\extnet.dll
Event: 0.177 Loaded shared library C:\Users\USER\.jdks\openjdk-22.0.1\bin\jimage.dll
Event: 0.197 Loaded shared library C:\Users\USER\.jdks\openjdk-22.0.1\bin\awt.dll
Event: 0.428 Loaded shared library C:\Users\USER\.jdks\openjdk-22.0.1\bin\freetype.dll
Event: 0.430 Loaded shared library C:\Users\USER\.jdks\openjdk-22.0.1\bin\fontmanager.dll
Event: 16.225 Loaded shared library C:\Windows\System32\ucrtbase.dll
Event: 16.226 Loaded shared library C:\Users\USER\.jdks\openjdk-22.0.1\bin\syslookup.dll

Deoptimization events (20 events):
Event: 24.978 Thread 0x0000023d49b30d70 DEOPT PACKING pc=0x0000023d6bc37ffc sp=0x000000521aa0dc00
Event: 24.978 Thread 0x0000023d49b30d70 DEOPT UNPACKING pc=0x0000023d72a088e2 sp=0x000000521aa0d0b8 mode 0
Event: 25.027 Thread 0x0000023d49b30d70 Uncommon trap: trap_request=0xffffff45 fr.pc=0x0000023d7316d298 relative=0x00000000000001d8
Event: 25.027 Thread 0x0000023d49b30d70 Uncommon trap: reason=unstable_if action=reinterpret pc=0x0000023d7316d298 method=java.awt.ModalEventFilter.acceptEvent(Ljava/awt/AWTEvent;)Ljava/awt/EventFilter$FilterAction; @ 58 c2
Event: 25.027 Thread 0x0000023d49b30d70 DEOPT PACKING pc=0x0000023d7316d298 sp=0x000000521aa0dbd0
Event: 25.027 Thread 0x0000023d49b30d70 DEOPT UNPACKING pc=0x0000023d72a07da2 sp=0x000000521aa0db40 mode 2
Event: 25.027 Thread 0x0000023d49b30d70 DEOPT PACKING pc=0x0000023d6bc36ec2 sp=0x000000521aa0d380
Event: 25.027 Thread 0x0000023d49b30d70 DEOPT UNPACKING pc=0x0000023d72a088e2 sp=0x000000521aa0c828 mode 0
Event: 25.027 Thread 0x0000023d49b30d70 DEOPT PACKING pc=0x0000023d6bc36ec2 sp=0x000000521aa0d380
Event: 25.027 Thread 0x0000023d49b30d70 DEOPT UNPACKING pc=0x0000023d72a088e2 sp=0x000000521aa0c828 mode 0
Event: 25.052 Thread 0x0000023d49b30d70 DEOPT PACKING pc=0x0000023d6bc36ec2 sp=0x000000521aa0df20
Event: 25.052 Thread 0x0000023d49b30d70 DEOPT UNPACKING pc=0x0000023d72a088e2 sp=0x000000521aa0d3c8 mode 0
Event: 25.052 Thread 0x0000023d49b30d70 DEOPT PACKING pc=0x0000023d6bc36ee8 sp=0x000000521aa0df20
Event: 25.052 Thread 0x0000023d49b30d70 DEOPT UNPACKING pc=0x0000023d72a088e2 sp=0x000000521aa0d3c8 mode 0
Event: 25.053 Thread 0x0000023d49b30d70 DEOPT PACKING pc=0x0000023d6bc36ec2 sp=0x000000521aa0df20
Event: 25.053 Thread 0x0000023d49b30d70 DEOPT UNPACKING pc=0x0000023d72a088e2 sp=0x000000521aa0d3c8 mode 0
Event: 25.053 Thread 0x0000023d49b30d70 DEOPT PACKING pc=0x0000023d6bc36ec2 sp=0x000000521aa0df20
Event: 25.053 Thread 0x0000023d49b30d70 DEOPT UNPACKING pc=0x0000023d72a088e2 sp=0x000000521aa0d3c8 mode 0
Event: 25.357 Thread 0x0000023d49b30d70 DEOPT PACKING pc=0x0000023d6bc37ffc sp=0x000000521aa0dce0
Event: 25.357 Thread 0x0000023d49b30d70 DEOPT UNPACKING pc=0x0000023d72a088e2 sp=0x000000521aa0d198 mode 0

Classes loaded (20 events):
Event: 16.388 Loading class java/awt/WaitDispatchSupport$4
Event: 16.388 Loading class java/awt/WaitDispatchSupport$4 done
Event: 16.390 Loading class sun/font/StandardGlyphVector$GlyphStrike
Event: 16.390 Loading class sun/font/StandardGlyphVector$GlyphStrike done
Event: 18.929 Loading class java/security/DomainCombiner
Event: 18.929 Loading class java/security/DomainCombiner done
Event: 19.673 Loading class java/lang/IndexOutOfBoundsException
Event: 19.673 Loading class java/lang/IndexOutOfBoundsException done
Event: 19.674 Loading class java/lang/Throwable$WrappedPrintStream
Event: 19.674 Loading class java/lang/Throwable$PrintStreamOrWriter
Event: 19.674 Loading class java/lang/Throwable$PrintStreamOrWriter done
Event: 19.674 Loading class java/lang/Throwable$WrappedPrintStream done
Event: 19.675 Loading class java/lang/StackTraceElement$HashedModules
Event: 19.675 Loading class java/lang/StackTraceElement$HashedModules done
Event: 21.200 Loading class java/awt/LightweightDispatcher$2
Event: 21.200 Loading class java/awt/LightweightDispatcher$2 done
Event: 23.354 Loading class java/awt/Window$1DisposeAction
Event: 23.354 Loading class java/awt/Window$1DisposeAction done
Event: 25.957 Loading class java/lang/invoke/WrongMethodTypeException
Event: 25.957 Loading class java/lang/invoke/WrongMethodTypeException done

Classes unloaded (0 events):
No events

Classes redefined (0 events):
No events

Internal exceptions (20 events):
Event: 29.311 Thread 0x0000023d49b30d70 StackOverflowError at 0x0000023d72f7e940
Event: 29.311 Thread 0x0000023d49b30d70 Exception <a 'java/lang/StackOverflowError'{0x000000070f77d138}> (0x000000070f77d138) 
thrown [s\open\src\hotspot\share\runtime\sharedRuntime.cpp, line 628]
Event: 29.320 Thread 0x0000023d49b30d70 StackOverflowError at 0x0000023d72f7e940
Event: 29.320 Thread 0x0000023d49b30d70 Exception <a 'java/lang/StackOverflowError'{0x000000070f41b228}> (0x000000070f41b228) 
thrown [s\open\src\hotspot\share\runtime\sharedRuntime.cpp, line 628]
Event: 29.328 Thread 0x0000023d49b30d70 StackOverflowError at 0x0000023d72f7e940
Event: 29.328 Thread 0x0000023d49b30d70 Exception <a 'java/lang/StackOverflowError'{0x000000070f4b90c8}> (0x000000070f4b90c8) 
thrown [s\open\src\hotspot\share\runtime\sharedRuntime.cpp, line 628]
Event: 29.337 Thread 0x0000023d49b30d70 StackOverflowError at 0x0000023d72f7e940
Event: 29.337 Thread 0x0000023d49b30d70 Exception <a 'java/lang/StackOverflowError'{0x000000070f5571d8}> (0x000000070f5571d8) 
thrown [s\open\src\hotspot\share\runtime\sharedRuntime.cpp, line 628]
Event: 29.345 Thread 0x0000023d49b30d70 StackOverflowError at 0x0000023d72f7e940
Event: 29.345 Thread 0x0000023d49b30d70 Exception <a 'java/lang/StackOverflowError'{0x000000070f5f5090}> (0x000000070f5f5090) 
thrown [s\open\src\hotspot\share\runtime\sharedRuntime.cpp, line 628]
Event: 29.387 Thread 0x0000023d49b30d70 StackOverflowError at 0x0000023d73082640
Event: 29.387 Thread 0x0000023d49b30d70 Exception <a 'java/lang/StackOverflowError'{0x000000070f29aac8}> (0x000000070f29aac8) 
thrown [s\open\src\hotspot\share\runtime\sharedRuntime.cpp, line 628]
Event: 29.388 Thread 0x0000023d49b30d70 StackOverflowError at 0x0000023d73082640
Event: 29.388 Thread 0x0000023d49b30d70 Exception <a 'java/lang/StackOverflowError'{0x000000070f2a0fc0}> (0x000000070f2a0fc0) 
thrown [s\open\src\hotspot\share\runtime\sharedRuntime.cpp, line 628]
Event: 29.389 Thread 0x0000023d49b30d70 StackOverflowError at 0x0000023d6bae2540
Event: 29.389 Thread 0x0000023d49b30d70 Exception <a 'java/lang/StackOverflowError'{0x000000070f2a7e00}> (0x000000070f2a7e00) 
thrown [s\open\src\hotspot\share\runtime\sharedRuntime.cpp, line 628]
Event: 29.389 Thread 0x0000023d49b30d70 StackOverflowError at 0x0000023d6ba250c0
Event: 29.389 Thread 0x0000023d49b30d70 Exception <a 'java/lang/StackOverflowError'{0x000000070f2ae2f8}> (0x000000070f2ae2f8) 
thrown [s\open\src\hotspot\share\runtime\sharedRuntime.cpp, line 628]
Event: 29.390 Thread 0x0000023d49b30d70 StackOverflowError at 0x0000023d7310cfe0
Event: 29.390 Thread 0x0000023d49b30d70 Exception <a 'java/lang/StackOverflowError'{0x000000070f2b4ef0}> (0x000000070f2b4ef0) 
thrown [s\open\src\hotspot\share\runtime\sharedRuntime.cpp, line 628]

ZGC Phase Switch (0 events):
No events

VM Operations (20 events):
Event: 21.698 Executing VM operation: Cleanup
Event: 21.698 Executing VM operation: Cleanup done
Event: 22.699 Executing VM operation: Cleanup
Event: 22.699 Executing VM operation: Cleanup done
Event: 23.399 Executing VM operation: G1CollectForAllocation (G1 Evacuation Pause)
Event: 23.403 Executing VM operation: G1CollectForAllocation (G1 Evacuation Pause) done
Event: 24.403 Executing VM operation: Cleanup
Event: 24.403 Executing VM operation: Cleanup done
Event: 25.404 Executing VM operation: Cleanup
Event: 25.404 Executing VM operation: Cleanup done
Event: 25.529 Executing VM operation: G1CollectForAllocation (G1 Evacuation Pause)
Event: 25.536 Executing VM operation: G1CollectForAllocation (G1 Evacuation Pause) done
Event: 25.958 Executing VM operation: HandshakeAllThreads (Deoptimize)
Event: 25.958 Executing VM operation: HandshakeAllThreads (Deoptimize) done
Event: 26.958 Executing VM operation: Cleanup
Event: 26.959 Executing VM operation: Cleanup done
Event: 27.915 Executing VM operation: G1CollectForAllocation (G1 Evacuation Pause)
Event: 27.917 Executing VM operation: G1CollectForAllocation (G1 Evacuation Pause) done
Event: 28.923 Executing VM operation: Cleanup
Event: 28.923 Executing VM operation: Cleanup done

Events (20 events):
Event: 0.961 Thread 0x0000023d49b30d70 Thread added: 0x0000023d49b30d70
Event: 1.027 Thread 0x0000023d60f75830 Thread exited: 0x0000023d60f75830
Event: 1.027 Thread 0x0000023d49b31400 Thread added: 0x0000023d49b31400
Event: 1.118 Thread 0x0000023d49b31a90 Thread added: 0x0000023d49b31a90
Event: 1.373 Thread 0x0000023d48f71950 Thread exited: 0x0000023d48f71950
Event: 1.466 Thread 0x0000023d48a3dd90 Thread exited: 0x0000023d48a3dd90
Event: 4.453 Thread 0x0000023d48a3dd90 Thread added: 0x0000023d48a3dd90
Event: 5.283 Thread 0x0000023d48a3dd90 Thread exited: 0x0000023d48a3dd90
Event: 5.930 Thread 0x0000023d02701620 Thread exited: 0x0000023d02701620
Event: 5.948 Thread 0x0000023d48a97290 Thread exited: 0x0000023d48a97290
Event: 16.170 Thread 0x0000023d49b32120 Thread added: 0x0000023d49b32120
Event: 16.203 Thread 0x0000023d0243a700 Thread added: 0x0000023d0243a700
Event: 17.258 Thread 0x0000023d0243a700 Thread exited: 0x0000023d0243a700
Event: 17.882 Thread 0x0000023d4a739890 Thread added: 0x0000023d4a739890
Event: 18.547 Thread 0x0000023d4a739890 Thread exited: 0x0000023d4a739890
Event: 19.686 Thread 0x0000023d4906c880 Thread added: 0x0000023d4906c880
Event: 19.831 Thread 0x0000023d4a7fd5d0 Thread added: 0x0000023d4a7fd5d0
Event: 20.145 Thread 0x0000023d4a7fd5d0 Thread exited: 0x0000023d4a7fd5d0
Event: 20.163 Thread 0x0000023d4906c880 Thread exited: 0x0000023d4906c880
Event: 21.172 Thread 0x0000023d49b32120 Thread exited: 0x0000023d49b32120


Dynamic libraries:
0x00007ff664150000 - 0x00007ff66415e000 	C:\Users\USER\.jdks\openjdk-22.0.1\bin\java.exe
0x00007ffc84df0000 - 0x00007ffc85007000 	C:\WINDOWS\SYSTEM32\ntdll.dll
0x00007ffc83550000 - 0x00007ffc83614000 	C:\WINDOWS\System32\KERNEL32.DLL
0x00007ffc825b0000 - 0x00007ffc8295d000 	C:\WINDOWS\System32\KERNELBASE.dll
0x00007ffc82960000 - 0x00007ffc82a71000 	C:\WINDOWS\System32\ucrtbase.dll
0x00007ffc79e40000 - 0x00007ffc79e57000 	C:\Users\USER\.jdks\openjdk-22.0.1\bin\jli.dll
0x00007ffc79d70000 - 0x00007ffc79d8b000 	C:\Users\USER\.jdks\openjdk-22.0.1\bin\VCRUNTIME140.dll
0x00007ffc84490000 - 0x00007ffc8463e000 	C:\WINDOWS\System32\USER32.dll
0x00007ffc824c0000 - 0x00007ffc824e6000 	C:\WINDOWS\System32\win32u.dll
0x00007ffc730d0000 - 0x00007ffc73363000 	C:\WINDOWS\WinSxS\amd64_microsoft.windows.common-controls_6595b64144ccf1df_6.0.22621.3672_none_2713b9d173822955\COMCTL32.dll
0x00007ffc83120000 - 0x00007ffc831c7000 	C:\WINDOWS\System32\msvcrt.dll
0x00007ffc832b0000 - 0x00007ffc832d9000 	C:\WINDOWS\System32\GDI32.dll
0x00007ffc82180000 - 0x00007ffc82299000 	C:\WINDOWS\System32\gdi32full.dll
0x00007ffc82a80000 - 0x00007ffc82b1a000 	C:\WINDOWS\System32\msvcp_win.dll
0x00007ffc834f0000 - 0x00007ffc83521000 	C:\WINDOWS\System32\IMM32.DLL
0x00007ffc7ed30000 - 0x00007ffc7ed3c000 	C:\Users\USER\.jdks\openjdk-22.0.1\bin\vcruntime140_1.dll
0x00007ffc5d2a0000 - 0x00007ffc5d32e000 	C:\Users\USER\.jdks\openjdk-22.0.1\bin\msvcp140.dll
0x00007ffbfcc00000 - 0x00007ffbfd947000 	C:\Users\USER\.jdks\openjdk-22.0.1\bin\server\jvm.dll
0x00007ffc838d0000 - 0x00007ffc83982000 	C:\WINDOWS\System32\ADVAPI32.dll
0x00007ffc84cf0000 - 0x00007ffc84d99000 	C:\WINDOWS\System32\sechost.dll
0x00007ffc82320000 - 0x00007ffc82348000 	C:\WINDOWS\System32\bcrypt.dll
0x00007ffc837b0000 - 0x00007ffc838c4000 	C:\WINDOWS\System32\RPCRT4.dll
0x00007ffc83470000 - 0x00007ffc834e1000 	C:\WINDOWS\System32\WS2_32.dll
0x00007ffc81fe0000 - 0x00007ffc8202d000 	C:\WINDOWS\SYSTEM32\POWRPROF.dll
0x00007ffc79ab0000 - 0x00007ffc79ae4000 	C:\WINDOWS\SYSTEM32\WINMM.dll
0x00007ffc77e00000 - 0x00007ffc77e0a000 	C:\WINDOWS\SYSTEM32\VERSION.dll
0x00007ffc81fc0000 - 0x00007ffc81fd3000 	C:\WINDOWS\SYSTEM32\UMPDC.dll
0x00007ffc81160000 - 0x00007ffc81178000 	C:\WINDOWS\SYSTEM32\kernel.appcore.dll
0x00007ffc79e30000 - 0x00007ffc79e3a000 	C:\Users\USER\.jdks\openjdk-22.0.1\bin\jimage.dll
0x00007ffc7fa50000 - 0x00007ffc7fc82000 	C:\WINDOWS\SYSTEM32\DBGHELP.DLL
0x00007ffc84960000 - 0x00007ffc84cee000 	C:\WINDOWS\System32\combase.dll
0x00007ffc831d0000 - 0x00007ffc832a7000 	C:\WINDOWS\System32\OLEAUT32.dll
0x00007ffc774e0000 - 0x00007ffc77512000 	C:\WINDOWS\SYSTEM32\dbgcore.DLL
0x00007ffc822a0000 - 0x00007ffc8231b000 	C:\WINDOWS\System32\bcryptPrimitives.dll
0x00007ffc77a30000 - 0x00007ffc77a3f000 	C:\Users\USER\.jdks\openjdk-22.0.1\bin\instrument.dll
0x00007ffc776f0000 - 0x00007ffc7770e000 	C:\Users\USER\.jdks\openjdk-22.0.1\bin\java.dll
0x00007ffc83990000 - 0x00007ffc841f7000 	C:\WINDOWS\System32\SHELL32.dll
0x00007ffc842e0000 - 0x00007ffc84485000 	C:\WINDOWS\System32\ole32.dll
0x00007ffc80090000 - 0x00007ffc8098f000 	C:\WINDOWS\SYSTEM32\windows.storage.dll
0x00007ffc7ff50000 - 0x00007ffc8008f000 	C:\WINDOWS\SYSTEM32\wintypes.dll
0x00007ffc84640000 - 0x00007ffc84739000 	C:\WINDOWS\System32\SHCORE.dll
0x00007ffc84280000 - 0x00007ffc842de000 	C:\WINDOWS\System32\shlwapi.dll
0x00007ffc82040000 - 0x00007ffc82067000 	C:\WINDOWS\SYSTEM32\profapi.dll
0x00007ffc513b0000 - 0x00007ffc51487000 	C:\Users\USER\.jdks\openjdk-22.0.1\bin\jsvml.dll
0x00007ffc776d0000 - 0x00007ffc776e7000 	C:\Users\USER\.jdks\openjdk-22.0.1\bin\zip.dll
0x00007ffc77a20000 - 0x00007ffc77a30000 	C:\Users\USER\.jdks\openjdk-22.0.1\bin\net.dll
0x00007ffc815d0000 - 0x00007ffc81639000 	C:\WINDOWS\system32\mswsock.dll
0x00007ffc736b0000 - 0x00007ffc736c6000 	C:\Users\USER\.jdks\openjdk-22.0.1\bin\nio.dll
0x00007ffc6c1e0000 - 0x00007ffc6c1fa000 	C:\Program Files\JetBrains\IntelliJ IDEA Community Edition 2024.1.1\bin\breakgen64.dll
0x00007ffc776c0000 - 0x00007ffc776c9000 	C:\Users\USER\.jdks\openjdk-22.0.1\bin\extnet.dll
0x00007ffc371c0000 - 0x00007ffc3734d000 	C:\Users\USER\.jdks\openjdk-22.0.1\bin\awt.dll
0x00007ffc798c0000 - 0x00007ffc79957000 	C:\WINDOWS\SYSTEM32\apphelp.dll
0x00007ffc7f4d0000 - 0x00007ffc7f4fb000 	C:\WINDOWS\system32\DWMAPI.DLL
0x00007ffc7efb0000 - 0x00007ffc7f061000 	C:\WINDOWS\system32\uxtheme.dll
0x00007ffc50150000 - 0x00007ffc50250000 	C:\WINDOWS\system32\opengl32.dll
0x00007ffc55220000 - 0x00007ffc5524d000 	C:\WINDOWS\SYSTEM32\GLU32.dll
0x00007ffc7f2a0000 - 0x00007ffc7f2d7000 	C:\WINDOWS\SYSTEM32\dxcore.dll
0x00007ffc83620000 - 0x00007ffc8377e000 	C:\WINDOWS\System32\MSCTF.dll
0x00007ffc52520000 - 0x00007ffc525a7000 	C:\Users\USER\.jdks\openjdk-22.0.1\bin\freetype.dll
0x00007ffc3a600000 - 0x00007ffc3a6d7000 	C:\Users\USER\.jdks\openjdk-22.0.1\bin\fontmanager.dll
0x00007ffc82b80000 - 0x00007ffc82c30000 	C:\WINDOWS\System32\clbcatq.dll
0x00007ffc7edb0000 - 0x00007ffc7ef61000 	C:\WINDOWS\SYSTEM32\WindowsCodecs.dll
0x00007ffc4b380000 - 0x00007ffc4b3de000 	C:\WINDOWS\system32\dataexchange.dll
0x00007ffc6c330000 - 0x00007ffc6c5ba000 	C:\WINDOWS\system32\twinapi.appcore.dll
0x00007ffc5ee10000 - 0x00007ffc5ef53000 	C:\WINDOWS\SYSTEM32\textinputframework.dll
0x00007ffc795b0000 - 0x00007ffc796e3000 	C:\WINDOWS\SYSTEM32\CoreMessaging.dll
0x00007ffc6b060000 - 0x00007ffc6b3cd000 	C:\WINDOWS\SYSTEM32\CoreUIComponents.dll
0x00007ffc81820000 - 0x00007ffc8182c000 	C:\WINDOWS\SYSTEM32\CRYPTBASE.DLL
0x00007ffc79d60000 - 0x00007ffc79d69000 	C:\Users\USER\.jdks\openjdk-22.0.1\bin\syslookup.dll

dbghelp: loaded successfully - version: 4.0.5 - missing functions: none
symbol engine: initialized successfully - sym options: 0x614 - pdb path: .;C:\Users\USER\.jdks\openjdk-22.0.1\bin;C:\WINDOWS\SYSTEM32;C:\WINDOWS\WinSxS\amd64_microsoft.windows.common-controls_6595b64144ccf1df_6.0.22621.3672_none_2713b9d173822955;C:\Users\USER\.jdks\openjdk-22.0.1\bin\server;C:\Program Files\JetBrains\IntelliJ IDEA Community Edition 2024.1.1\bin

VM Arguments:
jvm_args: --enable-preview -javaagent:C:\Program Files\JetBrains\IntelliJ IDEA Community Edition 2024.1.1\lib\idea_rt.jar=64741:C:\Program Files\JetBrains\IntelliJ IDEA Community Edition 2024.1.1\bin -Dfile.encoding=UTF-8 -Dsun.stdout.encoding=UTF-8 -Dsun.stderr.encoding=UTF-8 
java_command: org.example.Main
java_class_path (initial): C:\Users\USER\IdeaProjects\SpaceSurvivalProject\target\classes;C:\Users\USER\.m2\repository\com\mysql\mysql-connector-j\8.0.32\mysql-connector-j-8.0.32.jar;C:\Users\USER\.m2\repository\com\google\protobuf\protobuf-java\3.21.9\protobuf-java-3.21.9.jar
Launcher Type: SUN_STANDARD

[Global flags]
     intx CICompilerCount                          = 4                                         {product} {ergonomic}
     uint ConcGCThreads                            = 2                                         {product} {ergonomic}
     uint G1ConcRefinementThreads                  = 8                                         {product} {ergonomic}
   size_t G1HeapRegionSize                         = 2097152                                   {product} {ergonomic}
   size_t InitialHeapSize                          = 264241152                                 {product} {ergonomic}
   size_t MarkStackSize                            = 4194304                                   {product} {ergonomic}
   size_t MaxHeapSize                              = 4215275520                                {product} {ergonomic}
   size_t MaxNewSize                               = 2529165312                                {product} {ergonomic}
   size_t MinHeapDeltaBytes                        = 2097152                                   {product} {ergonomic}
   size_t MinHeapSize                              = 8388608                                   {product} {ergonomic}
    uintx NonNMethodCodeHeapSize                   = 5839372                                {pd product} {ergonomic}
    uintx NonProfiledCodeHeapSize                  = 122909434                              {pd product} {ergonomic}
    uintx ProfiledCodeHeapSize                     = 122909434                              {pd product} {ergonomic}
    uintx ReservedCodeCacheSize                    = 251658240                              {pd product} {ergonomic}
     bool SegmentedCodeCache                       = true                                      {product} {ergonomic}
   size_t SoftMaxHeapSize                          = 4215275520                             {manageable} {ergonomic}
     bool UseCompressedOops                        = true                           {product lp64_product} {ergonomic}
     bool UseG1GC                                  = true                                      {product} {ergonomic}
     bool UseLargePagesIndividualAllocation        = false                                  {pd product} {ergonomic}

Logging:
Log output configuration:
 #0: stdout all=warning uptime,level,tags foldmultilines=false
 #1: stderr all=off uptime,level,tags foldmultilines=false

Environment Variables:
JAVA_HOME=C:\Program Files\Java\jdk-21
PATH=C:\Program Files\Common Files\Oracle\Java\javapath;C:\WINDOWS\system32;C:\WINDOWS;C:\WINDOWS\System32\Wbem;C:\WINDOWS\System32\WindowsPowerShell\v1.0\;C:\WINDOWS\System32\OpenSSH\;C:\Program Files\Git\cmd;C:\Program Files\Microsoft SQL Server\150\Tools\Binn\;C:\Program Files\Microsoft SQL Server\Client SDK\ODBC\170\Tools\Binn\;C:\Program Files\dotnet\;C:\Program Files\Java\jdk-21\bin;C:\Users\USER\AppData\Local\Programs\Python\Python312\Scripts\;C:\Users\USER\AppData\Local\Programs\Python\Python312\;C:\Users\USER\AppData\Local\Microsoft\WindowsApps;C:\Users\USER\.dotnet\tools;C:\Users\USER\AppData\Local\Programs\Fiddler;C:\Users\USER\OneDrive\ \Fiddler;C:\Program Files\JetBrains\PyCharm Community Edition 2023.2.5\bin;
USERNAME=Shalev
OS=Windows_NT
PROCESSOR_IDENTIFIER=Intel64 Family 6 Model 140 Stepping 1, GenuineIntel
TMP=C:\Users\USER\AppData\Local\Temp
TEMP=C:\Users\USER\AppData\Local\Temp




Periodic native trim disabled

---------------  S Y S T E M  ---------------

OS:
 Windows 11 , 64 bit Build 22621 (10.0.22621.3958)
OS uptime: 13 days 20:54 hours

CPU: total 8 (initial active 8) (4 cores per cpu, 2 threads per core) family 6 model 140 stepping 1 microcode 0xa4, cx8, cmov, fxsr, ht, mmx, 3dnowpref, sse, sse2, sse3, ssse3, sse4.1, sse4.2, popcnt, lzcnt, tsc, tscinvbit, avx, avx2, aes, erms, clmul, bmi1, bmi2, adx, avx512f, avx512dq, avx512cd, avx512bw, avx512vl, sha, fma, vzeroupper, avx512_vpopcntdq, avx512_vpclmulqdq, avx512_vaes, avx512_vnni, clflush, clflushopt, clwb, avx512_vbmi2, avx512_vbmi, rdtscp, rdpid, fsrm, gfni, avx512_bitalg, f16c, pku, cet_ibt, cet_ss, avx512_ifma
Processor Information for all 8 processors :
  Max Mhz: 2803, Current Mhz: 2803, Mhz Limit: 2803

Memory: 4k page, system-wide physical 16078M (2214M free)
TotalPageFile size 24037M (AvailPageFile size 3150M)
current process WorkingSet (physical memory assigned to process): 283M, peak: 317M
current process commit charge ("private bytes"): 401M, peak: 444M

vm_info: OpenJDK 64-Bit Server VM (22.0.1+8-16) for windows-amd64 JRE (22.0.1+8-16), built on 2024-03-12T10:33:16Z by "mach5one" with MS VC++ 17.6 (VS2022)

END.
